qq.com
sohu.com
sina.com.cn
microsoftonline.com
tribunnews.com
detail.tmall.com
youth.cn
bbc.co.uk
cnn.com
espn.com
tokopedia.com
nytimes.com
rakuten.co.jp
ettoday.net
theguardian.com
bukalapak.com
avito.ru
dailymail.co.uk
globo.com
softonic.com
youm7.com
abs-cbn.com
buzzfeed.com
twimg.com
eastday.com
forbes.com
rambler.ru
livejournal.com
foxnews.com
speedtest.net
ci123.com
hotstar.com
web.de
wordreference.com
sabah.com.tr
businessinsider.com
huffingtonpost.com
aol.com
rutracker.org
orange.fr
gismeteo.ru
sberbank.ru
springer.com
jrj.com.cn
accuweather.com
bestbuy.com
mlb.com
glassdoor.com
homedepot.com
usatoday.com
wp.pl
nba.com
marca.com
bloomberg.com
target.com
lapatilla.com
t-online.de
manoramaonline.com
elpais.com
ndtv.com
iqiyi.com
alicdn.com
dictionary.com
libero.it
playstation.com
ria.ru
dcinside.com
nur.kz
sabq.org
gizmodo.com
ultimate-guitar.com
uidai.gov.in
espncricinfo.com
yourporn.sexy
drom.ru
spiegel.de
bancodevenezuela.com
webmd.com
hurriyet.com.tr
rottentomatoes.com
pikabu.ru
independent.co.uk
investing.com
wsj.com
avgle.com
tube8.com
telegraph.co.uk
banggood.com
stockstar.com
convert2mp3.net
thefreedictionary.com
gmanetwork.com
xda-developers.com
expedia.com
as.com
wunderground.com
tamilrockers.li
reuters.com
metropoles.com
yenisafak.com
moneycontrol.com
elbalad.news
engadget.com
prothomalo.com
wtoip.com
att.com
ticketmaster.com
bleacherreport.com
time.com
urdupoint.com
tmz.com
express.co.uk
lifehacker.com
elmundo.es
chip.de
fidelity.com
bolasport.com
ukr.net
otvfoco.com.br
vnexpress.net
kotaku.com
chron.com
lemonde.fr
cdstm.cn
yaplakal.com
knowyourmeme.com
nypost.com
kinogo.cc
rbc.ru
gazetaexpress.com
subject.tmall.com
tomsguide.com
blibli.com
zing.vn
biblegateway.com
cam4.com
163.com
latimes.com
vesti.ru
kinokrad.co
hamariweb.com
sanook.com
tomshardware.com
marketwatch.com
americanas.com.br
gazeta.ru
n11.com
mynet.com
theatlantic.com
alhilalalyoum.com
custhelp.com
bol.uol.com.br
allrecipes.com
uniqlo.com
cbc.ca
mobafire.com
focus.de
people.com
credit-agricole.fr
reverb.com
wired.com
thesun.co.uk
liveinternet.ru
usbank.com
spanishdict.com
fishki.net
kinozal.tv
sfgate.com
kp.ru
okezone.com
variety.com
echo.msk.ru
techtudo.com.br
andhrajyothy.com
championat.com
bodybuilding.com
sonyliv.com
nfl.com
besoccer.com
hepsiburada.com
uber.com
collegeboard.org
el-nacional.com
wykop.pl
newsmth.net
digitaltrends.com
1tv.ru
thehindu.com
ifeng.com
mashable.com
shmoop.com
sakshi.com
pulzo.com
abcnews.go.com
vanguardngr.com
dawn.com
academic.ru
virgilio.it
invisionapp.com
mirror.co.uk
argaam.com
csc.gov.in
sports.ru
beinsports.com
everydayhealth.com.tw
pitchfork.com
gazeta.pl
storm.mg
taoche.com
dikaiologitika.gr
webofknowledge.com
politico.com
heise.de
thedailybeast.com
hollywoodreporter.com
gumtree.com.au
shadbase.com
azlyrics.com
mirtesen.ru
avclub.com
billboard.com
lee.tmall.com
wiocha.pl
metacritic.com
fastpic.ru
bhaskar.com
bola.net
brassring.com
clarin.com
pcmag.com
indianexpress.com
lavanguardia.com
fandango.com
nsdl.com
t-mobile.com
star.com.tr
laposte.fr
coupang.com
sankei.com
abc.es
sankakucomplex.com
ilbe.com
kafan.cn
tuko.co.ke
ilfattoquotidiano.it
mail.com
socialnewpages.com
sf-express.com
life.ru
att.net
tenki.jp
animevost.org
lotterypost.com
narod.ru
mp3party.net
mmo-champion.com
sbrf.ru
kongregate.com
mundodeportivo.com
olx.ro
turbo.az
mts.ru
1und1.de
clickfunnels.com
newyorker.com
sport.es
baixaki.com.br
20minutes.fr
androidcentral.com
tebyan.net
nat.gov.tw
intesasanpaolo.com
francetvinfo.fr
nnm-club.me
jalopnik.com
kapook.com
doramatv.ru
panet.co.il
woot.com
sky.com
elcomercio.com
fast-torrent.ru
readmanga.me
barstoolsports.com
mosaiquefm.net
biqle.ru
ucoz.ru
ynet.co.il
bolshoyvopros.ru
err.tmall.com
metro.co.uk
nintendo.com
kemdikbud.go.id
listindiario.com
nymag.com
filmitorrent.org
20minutos.es
freshdesk.com
news18.com
nptel.ac.in
bancoestado.cl
zi.media
theroot.com
boredpanda.com
zaycev.net
nation.co.ke
minuto30.com
screenrant.com
si.com
zhibo8.cc
elnuevodiario.com.ni
pinggu.org
jb51.net
ahlmasrnews.com
economist.com
sporcle.com
247sports.com
cbslocal.com
labirint.ru
mamba.ru
rusvesna.su
aif.ru
nydailynews.com
zerohedge.com
chicagotribune.com
snopes.com
rappler.com
kitco.com
jin115.com
baskino.me
rollingstone.com
cars.com
crabsecret.tmall.com
elconfidencial.com
theonion.com
makeleio.gr
sport-express.ru
filmix.me
livescience.com
aftonbladet.se
mvideo.ru
slader.com
ew.com
cracked.com
lining.tmall.com
techbang.com
punchng.com
foodnetwork.com
adidas.com
windowscentral.com
express.pk
prensalibre.com
thrillist.com
kicker.de
ondramanice.io
kbb.com
euronews.com
poiskm.co
diariolibre.com
mainichi.jp
shiftdelete.net
muz-color.ru
astrologyzone.com
zozo.jp
coub.com
staples.com
folha.uol.com.br
eluniverso.com
neiyi.tmall.com
citilink.ru
elsalvador.com
bradesco.com.br
tpsl-india.in
deadspin.com
globalnews.ca
feng.com
evite.com
wechat.com
rt.ru
oxu.az
gst.gov.in
allkpop.com
ilsole24ore.com
tiscali.it
newtab-tv.com
cnnic.cn
farpost.ru
fitgirl-repacks.site
bgr.com
rzd.ru
tvn24.pl
mk.ru
pcworld.com
filgoal.com
fanfox.net
banco.bradesco
soccerway.com
jagran.com
archdaily.com
hln.be
caffeinamagazine.it
tmall.hk
n-tv.de
daily.co.jp
tamilmv.vin
tutu.ru
origin.com
vz.ru
glassdoor.co.in
gainreel.tmall.com
vix.com
nasdaq.com
iheart.com
kantipurdaily.com
tecmundo.com.br
dailywire.com
wowkeren.com
vijesti.ba
jcpenney.com
disney.go.com
bershka.tmall.com
freedownloadmanager.org
campograndenews.com.br
hirufm.lk
airbnb.fr
ea3w.com
beeline.ru
wetter.de
abplive.in
alc.co.jp
javmost.com
drugs.com
eland.tmall.com
linternaute.com
qihoo.com
kuwo.cn
vokrug.tv
elbilad.net
livenation.com
agenciatributaria.es
habr.com
3158.cn
almaany.com
iz.ru
stern.de
hi.ru
thethao247.vn
chaoshi.tmall.com
alarabiya.net
baiduccdn.com
topcinema.tv
kinoprofi.org
coinx.im
twirpx.com
megafon.ru
thekitchn.com
baomoi.com
price.com.hk
dickies.tmall.com
xataka.com
fssnet.co.in
alwakeelnews.com
techspot.com
kar.nic.in
faz.net
infoescola.com
airbnb.co.uk
skyscrapercity.com
nalog.ru
coingecko.com
tvplusnewtab.com
eldiario.es
complex.com
smh.com.au
tvguide.com
newtab-media.com
gridoto.com
semir.tmall.com
alfalfalfa.com
thesimsresource.com
alibaba-inc.com
dailystar.co.uk
transferwise.com
khabaronline.ir
iha.com.tr
thebalancecareers.com
dns-shop.ru
russia.tv
money.pl
vietnamnet.vn
vanityfair.com
tumangaonline.com
discoveryexpedition.tmall.com
altsantiri.gr
ae.com
zhcw.com
kizi.com
dinamalar.com
cmbchina.com
it.tmall.com
eatthis.com
denofgeek.com
chefkoch.de
iltalehti.fi
freenet.de
hinet.net
record.pt
droom.in
mover.uz
leroymerlin.ru
trustedreviews.com
ronaldo7.net
tribune.com.pk
eleconomista.es
sports.tmall.com
maniform.tmall.com
jezebel.com
stuff.co.nz
cbr.com
radikal.ru
watchasian.co
fasttorrent.ru
redflagdeals.com
pictame.com
walla.co.il
ren.tv
mintmanga.com
kolonsport.tmall.com
anandabazar.com
tsn.ca
collider.com
rtvonline.com
football365.com
jabeh.com
segodnya.ua
jackjones.tmall.com
gtbank.com
hotjar.com
lpg02.com
seneweb.com
delfi.lt
echoroukonline.com
delfi.lv
imore.com
zbj.com
sanjesh.org
diary.ru
mercurynews.com
kommersant.ru
ed.ac.uk
bien.hu
cmoney.tw
threegun.tmall.com
ole.com.ar
standard.co.uk
3dmgame.com
camwhores.tv
gov.ao
nike.tmall.com
suamusica.com.br
gizmodo.jp
autotimes.com.cn
mhometheater.com
joemonster.org
theadvocate.com
theglobeandmail.com
nhaccuatui.com
mentalfloss.com
etoro.com
rotoworld.com
anime-sharing.com
at.ua
elmwatin.com
templatemonster.com
sarayanews.com
pentapostagma.gr
submarino.com.br
esporte.uol.com.br
thestar.com
sbs.com.au
noticias.uol.com.br
torrent-games.net
societe.com
tomshardware.co.uk
cgg.gov.in
cabbeen.tmall.com
lindaikejisblog.com
bithumb.com
qvc.com
coindesk.com
kinostrana.tv
splinternews.com
disney.com
seriouseats.com
edmunds.com
giga.de
new-rutor.org
my-hit.org
rstyle.me
vsetop.com
finanzen.net
7days.ru
sii.cl
dezeen.com
fotor.com
riafan.ru
nbc.com
symantec.com
masrawy.com
b2b.cn
sport.pl
1plus1tv.ru
newsru.com
up.ac.za
kino-hd720.net
blick.ch
nieuwsblad.be
urfs.tmall.com
publico.es
straitstimes.com
vogue.com.tw
258.com
tuasaude.com
indiewire.com
techadvisor.co.uk
nme.com
uproxx.com
akairan.com
alfabank.ru
bigmir.net
bamtoki.com
creaders.net
metrolyrics.com
cosmo.ru
pensador.com
fontsquirrel.com
cool3c.com
earthmusic.tmall.com
rateyourmusic.com
curbed.com
kroger.com
tuoitre.vn
ntv.ru
tsn.ua
forever21.tmall.com
cont.ws
irishtimes.com
doctissimo.fr
5-tv.ru
centrum.cz
jxnews.com.cn
garaanews.com
macworld.co.uk
mgstage.com
androidpolice.com
joyreactor.cc
repretel.com
caranddriver.com
xn--i1abbnckbmcl9fb.xn--p1ai
20min.ch
diretta.it
inflibnet.ac.in
24smi.org
kulichki.net
hkjc.com
defimedia.info
apartmenttherapy.com
hirunews.lk
theshaderoom.com
lexpress.fr
newchic.com
funsafetab.com
akiba-online.com
biography.com
whatismyipaddress.com
independent.ie
areavip.com.br
rivals.com
gocomics.com
boohoo.com
nationalreview.com
sportmaster.ru
rg.ru
fanatik.com.tr
newsit.gr
to10.gr
mahendras.org
laptopmag.com
adobeconnect.com
plataformaarquitectura.cl
chapintv.com
nj.com
bonappetit.com
whoscored.com
livesport.ws
tamin.ir
livesicilia.it
uwants.com
kym-cdn.com
alfavita.gr
pravda.com.ua
iliangcang.com
tax.service.gov.uk
damai.cn
caraotadigital.net
maalaimalar.com
hrw.com
theage.com.au
yande.re
business-standard.com
megaresheba.ru
bbcgoodfood.com
nzherald.co.nz
libertaddigital.com
creativebloq.com
9to5mac.com
moi.gov.qa
publinews.gt
inosmi.ru
52pk.com
ipsosinteractive.com
space.com
24sata.hr
ciliba.org
aarp.org
megashare.bz
itesm.mx
giallozafferano.it
lostfilmhd.ru
libgen.pw
kufar.by
osvita.ua
ngs.ru
tsargrad.tv
morningstar.com
explosm.net
aircanada.com
liberation.fr
milenio.com
cineplex.com
vseinstrumenti.ru
voici.fr
gamestar.de
milb.com
extreme-down.im
bdjobs.com
downza.cn
gossiplankanews.com
underarmour.com
sport1.de
e1.ru
pcwelt.de
le.com
liverpoolecho.co.uk
motorsport.com
svyaznoy.ru
divyabhaskar.co.in
svpressa.ru
expansion.com
scribol.com
adweek.com
lelivros.love
k2nblog.com
dramafever.com
eg.ru
news.am
about.com
superjob.ru
suprafiles.org
televisa.com
miamiherald.com
onlinemultfilmy.ru
asia2tv.co
pizzahut.com
ondemand.com
afilmywap.in
dota2.ru
rabota.ua
studbooks.net
thinkcentral.com
nanopool.org
biccamera.com
lpu.in
eee114.com
kadu.ru
bnc.com.ve
zakon.kz
newsru.co.il
big.az
qafqazinfo.az
jzb.com
jandan.net
ulmart.ru
56.com
regnum.ru
microsoftonline.cn
pontofrio.com.br
politikus.ru
huijiwiki.com
hellorf.com
carsales.com.au
crocfilm.club
aeries.net
russian7.ru
uniondht.org
faberlic.com
russianfood.com
findanime.me
101.ru
stopgame.ru
dunyanews.tv
translate.ru
afisha.ru
kinogb.mobi
myzcloud.me
talkingpointsmemo.com
sibnet.ru
farnell.com
dai.tmall.com
rueconomics.ru
javbus.pw
track24.ru
tele2.ru
sima-land.ru
coldfilm.info
myfollett.com
bfsu.edu.cn
politpuzzle.ru
dsw.com
strana.ua
220-volt.ru
teleprogramma.pro
etao.com
tophotels.ru
samlib.ru
webspvs.com
chaduo.com
dodear.com
supremenewyork.com
prisonsportal.com.ng
e23.cn
svscomics.com
online-freebee.ru
geektimes.com
vimeocdn.com
9lianmeng.com
fark.com
leiphone.com
mci.ir
lib.ru
virginia.gov
povarenok.ru
javbus.us
gordonua.com
javhdporn.com
tuniu.com
mylife.com
kinogo.eu
spaces.ru
grouple.co
itresan.com
sgcpanel.com
bitrix24.ru
yxdown.com
venturebeat.com
spletnik.ru
politexpert.net
16first.com
filmlinks4u.is
dhlglobalmail.com
9tv.co.il
gamepressure.com
yourtemplatefinder.com
vkmag.com
radiopaedia.org
notebookcheck.net
360tv.ru
atlasobscura.com
pidruchniki.com
sfu.ca
putlockers.la
linternaute.fr
lululemon.com
cheaa.com
1905.com
ahram.org.eg
adliran.ir
jq22.com
1porno.online
sinoptik.com.ru
bonusbitcoin.co
ucweb.com
15min.lt
5278.cc
consequenceofsound.net
sendo.vn
ngoisao.net
stltoday.com
antena3.com
shoptime.com.br
bunshun.jp
fgowiki.com
infonavit.org.mx
lrytas.lt
trade.tmall.com
eeworld.com.cn
tn.com.ar
npower.gov.ng
lifehack.org
rrdiscovery.com
ohnotheydidnt.livejournal.com
popsci.com
whatculture.com
geo-online.co.jp
openrice.com
365jilin.com
q8yat.com
vtb.ru
sharekhan.com
worldatlas.com
minijuegos.com
channelnewsasia.com
calciomercato.com
bookfi.net
radiotimes.com
mignews.com
elektroda.pl
audioknigi.club
alleng.ru
scambioetico.org
varlamov.ru
mediaworld.it
animenewsnetwork.com
wowprogress.com
cadenaser.com
downsub.com
follettdestiny.com
avon.com
pravoslavie.ru
hentaiheroes.com
lurkmore.to
thestival.gr
vestniktm.com
dajie.com
mol.gov.sa
expedia.co.uk
mlstatic.com
semana.com
pojoksatu.id
hanfan.cc
tz.de
yad2.co.il
qantas.com
paidonlinesites.com
edimdoma.ru
topnews.ru
kanyetothe.com
sherdog.com
time-to-read.ru
8btc.com
elibrary.ru
boldsky.com
7ya.ru
allure.com
free-power-point-templates.com
haaretz.com
greatist.com
soundofhope.org
economia.uol.com.br
probuilds.net
motortrend.com
eadaily.com
imbc.com
crateandbarrel.com
viamichelin.fr
europapress.es
tomsk.ru
wccftech.com
liveuamap.com
turkishtv.ru
startribune.com
publico.pt
dnevnik.hr
tax.gov.ir
blikk.hu
contentabc.com
horoscope.com
garant.ru
zoon.ru
mediaite.com
pagina12.com.ar
etest.net.cn
cw.com.tw
iweihai.cn
ingresso.com
ceair.com
mydowndown.com
cg.nic.in
compass.education
health.com
lifo.gr
bikeradar.com
cc98.org
chinahr.com
abc7.com
freetutorials.us
perfil.com
banfanb.com.ve
lasestrellas.tv
tvefamosos.uol.com.br
asianews2ch.jp
shape.com
fredericknewspost.com
dni.ru
abc.com.py
www-hotmail-login.online
doramakun.ru
chitai-gorod.ru
videomore.ru
3987.com
psnine.com
cnsuning.com
film.ru
marthastewart.com
obec.go.th
realsimple.com
gadgethacks.com
pure-t.ru
kra.go.ke
hardwarezone.com.sg
greatergood.com
dilbert.com
melodrama1.com
kobo.com
electronics-tutorials.ws
atpworldtour.com
longzhu.com
jmty.jp
doviz.com
cryptowat.ch
962.net
universal.org
vkusporno.com
megogo.ru
thestreet.com
ajc.com
express.com
my-personaltrainer.it
tin-nsdl.com
startlap.hu
s3.com.tw
vercanalestv.com
kueez.com
gsp.ro
fabletics.com
win007.com
hotnigerianjobs.com
chrono.gg
pnet.co.za
ambito.com
toster.ru
aksam.com.tr
rp-online.de
timesofisrael.com
espnfc.us
bih.nic.in
extrastores.com
foxbusiness.com
rr.com
denverpost.com
rawlh.com
president.go.kr
tinypic.com
naijavibes.com
theweek.com
chess24.com
zorrostream.net
vit.ac.in
lavoz.com.ar
nationalpost.com
dennikn.sk
home.pl
loveread.ec
jiji.com
food52.com
egov.kz
philly.com
rr-sc.com
euroki.org
shein.tw
travelask.ru
calorizator.ru
novayagazeta.ru
amadeus.net
sidereel.com
alitalia.com
12333sh.gov.cn
dlmu.edu.cn
tusciaweb.eu
foxsports.com.au
lexpress.mu
officeworks.com.au
elnuevodia.com
17house.com
trendmicro.com
argumenti.ru
comicbookmovie.com
businesstoday.in
newatlas.com
player.pl
hasil.gov.my
baku.ws
parapolitika.gr
gazeteoku.com
iitg.ac.in
lent.az
studwood.ru
pgatour.com
upi.com
friday.tw
crichd.org
riperam.org
macworld.com
ecuavisa.com
math-aids.com
clickjogos.com.br
feixiaohao.com
dailyfx.com
stereogum.com
ibabyzone.cn
aristeguinoticias.com
meijutt.com
socimage.net
aradramatv.com
nn.ru
eva.ru
emex.ru
tvnet.lv
alwafd.news
d1alac.com
logistics.dhl
record.com.mx
guatevision.com
mijp.gob.ve
petco.com
aclfestival.com
pianyuan.net
vatera.hu
lifehacker.jp
idownloadblog.com
thewrap.com
iloveoldschoolmusic.com
parents.com
hipertextual.com
ani24.org
telegraf.rs
mediotiempo.com
newmotor.com.cn
oploverz.in
worldcoinindex.com
transfermarkt.com
nesn.com
cgstate.gov.in
dailydot.com
sacbee.com
au.com
javhdonline.com
kbn.news
niezalezna.pl
fednetbank.com
mepsfpx.com.my
zemtv.com
smartschool.be
eda.ru
m4ufree.tv
megashara.com
hanhande.com
haaretz.co.il
animeskai.com
thaiware.com
av.by
proceso.com.mx
olhardigital.com.br
spr.gov.my
kinonews.ru
schulferien.org
abidjan.net
720yun.com
rg-mechanics.org
parliament.uk
lostfilm-online.ru
casicloud.com
rtp.pt
animedigitalnetwork.fr
123box.ru
1xirsp24.com
lavozdegalicia.es
cn2che.com
promodj.com
slaati.com
etudiant.gouv.fr
rustorka.com
au.ru
airliners.net
decider.com
synonym.com
mahendraguru.com
eliteprospects.com
m24.ru
ctc.ru
5173.com
iscanews.ir
telemundo.com
polyu.edu.hk
qip.ru
tohoku.ac.jp
oriflame.ru
daryo.uz
onlineandhrabank.net.in
cmjornal.pt
piluli.ru
aigei.com
dataguru.cn
espn.com.br
investors.com
rthk.hk
mediafax.ro
english-films.com
diariocorreo.pe
createspace.com
pleer.ru
yesasia.ru
ufc.com
watchcartoonsonline.be
electrek.co
publika.az
disput.az
toptenreviews.com
wowgame.jp
filmstarts.de
novate.ru
cam4.es
administradores.com.br
fontanka.ru
wired.it
rmz.cr
gazeta.ua
mindbodygreen.com
purepeople.com
loksatta.com
123helpme.com
stu.edu.cn
ppt4web.ru
tipico.de
doramy.su
allbankonline.in
shu.edu.cn
filebase.ws
escience.cn
formulatv.com
chronofhorse.com
k73.com
pmang.jp
kinosklad.net
tidal.com
7dach.ru
b2b168.com
vedomosti.ru
nation-news.ru
foodandwine.com
zive.cz
cri.cn
chiasenhac.vn
f5haber.com
nbastream.io
hollywoodlife.com
4book.org
facilisimo.com
technologyreview.com
expedia.co.jp
ticketmaster.ca
onlinefilm-hd.com
jdsports.co.uk
coop-land.ru
kinosvit.tv
technopoint.ru
adage.com
leroymerlin.pl
tb.cn
gismeteo.kz
samanese.ir
gogo.mn
phonandroid.com
dovidka.biz.ua
html.it
sportal.bg
mo6699.net
pythonforbeginners.com
avtovzglyad.ru
travelandleisure.com
ef43.com.cn
letudiant.fr
btdigg.cc
allafrica.com
revistaforum.com.br
extremetech.com
highpin.cn
wpolityce.pl
koudai.com
crichd.com
fiscallabs.com
tjournal.ru
apa.az
journaldunet.com
newsday.com
nikkan-gendai.com
znaj.ua
iplocation.net
soccer.ru
centurylink.net
larazon.es
bkstr.com
noticiasrcn.com
soudertonsd.org
onvista.de
indiatvnews.com
ntvspor.net
thedailystar.net
chotot.com
vsetv.com
homenewshere.com
businessinsider.com.au
stheadline.com
wyndhamhotels.com
legiaodosherois.uol.com.br
cuc.edu.cn
iyify.net
vippers.jp
renttherunway.com
sq.cn
politiken.dk
genbeta.com
kino-2018.club
fzdm.com
smartinf.ru
yen.com.gh
logic-immo.com
sisal.it
sportsmole.co.uk
hdkinoteatr.com
unian.net
gazetadopovo.com.br
hao7188.com
yipu.com.cn
sovsport.ru
noticiaaldia.com
21food.cn
lottedfs.com
kupivip.ru
s7.ru
mtgsalvation.com
ikco.ir
anon-v.com
cdek.ru
xxlmag.com
urcosme.com
fzg360.com
realgm.com
scotsman.com
fxstreet.com
tpu.ru
govnokri.in
comedyportal.net
nonghyup.com
xmfish.com
polovniautomobili.com
dashlane.com
gismeteo.by
qyl71.com
comingsoon.it
worldsnookerdata.com
spidersweb.pl
zacks.com
grantorrent.net
rtl.de
washingtonexaminer.com
gilt.com
avsforum.com
kinokot.co
buro247.me
biquge.info
puzzle-english.com
unjs.com
neowin.net
realitatea.net
autodoc.ru
nemzetisport.hu
thetakeout.com
ali213.net
mytube.uz
bongda.com.vn
k12reader.com
minfin.com.ua
movistar.com.ar
newyx.net
businessinsider.de
lasprovincias.es
lustich.de
tianqi.com
800notes.com
mytvsuper.com
wordplays.com
viks.tv
lesoir.be
dm.de
1in.am
nyoooz.com
zaobao.com
4tololo.ru
politifact.com
freesport.info
9to5google.com
rtl.hr
profinance.ru
mmafighting.com
overclockers.ru
webteb.com
lofter.com
nacion.com
flytap.com
marunadanmalayali.com
send-anywhere.com
stylecaster.com
niceoppai.net
1010jiajiao.com
aipai.com
archdaily.mx
overclock.net
germania.one
canvaslms.com
ca.com
ctoutiao.com
subscribe.ru
filmesetorrent.net
akurat.co
ingrammicro.com
decathlon.ru
autobild.de
vl.ru
nikkei225jp.com
sbiepay.com
ilibrary.ru
ytn.co.kr
world-art.ru
bham.ac.uk
cqu.edu.cn
cncrk.com
dhnet.be
plateau.com
aftershock.news
el-carabobeno.com
zimeye.net
politis.com.cy
securesuite.co.uk
capital.gr
post.ir
lightningmaps.org
piraeuspress.gr
imageban.ru
levante-emv.com
standardchartered.co.in
womanhit.ru
ara.cat
tvmax-9.com
swimswam.com
telesurtv.net
hellofresh.com
nadaguides.com
megalyrics.ru
periodistadigital.com
educacao.uol.com.br
choice.gov.in
892bam.com
charter.net
novosti.rs
bollywoodhungama.com
affaritaliani.it
gamek.vn
shopfacil.com.br
mp3fiber.com
capital.fr
mte.gov.br
masterclass.com
osd.mil
ninjakiwi.com
m4ufree.com
pics.ru
leroymerlin.it
mirknig.su
luisaviaroma.com
brobible.com
yourstory.com
staples.ca
chushou.tv
lmtonline.com
shahidlive.co
tdk.gov.tr
derwesten.de
kingkong.com.tw
12kotov.ru
emdep.vn
pirlotv.online
peliculas-mp4.com
charlotteobserver.com
toolbox.com
lpsnmedia.net
huffingtonpost.de
best-torrentor.ru
catch.com.au
kritika24.ru
eduyun.cn
adscpm.net
rusplt.ru
dailynews.co.th
typingtest.com
mingjingnews.com
cup.edu.cn
mskobr.ru
km.ru
vz.lt
ihned.cz
getcntr.ru
solidot.org
weather.go.kr
paloaltonetworks.com
karriere.at
indy100.com
javout.net
allwomens.ru
newser.com
bplans.com
scene7.com
njau.edu.cn
soccerladuma.co.za
inside.com.tw
epicstream.com
spbu.ru
nnmclub.to
diarioinformacion.com
element14.com
tophatter.com
mediamarkt.ru
myamcat.com
sporza.be
ragalahari.com
bleedingcool.com
syndonline.in
astromeridian.ru
gulf-times.com
kinohome.net
whathifi.com
exawarosu.net
popmech.ru
um.edu.my
animedia.tv
itprotoday.com
tvkultura.ru
lalamoulati.net
zte.com.cn
nlstar.com
abc.gob.ar
elcorreo.com
sakh.com
elcolombiano.com
detran.mg.gov.br
mir24.tv
soccerstream.me
weatherzone.com.au
eepw.com.cn
tv.com
obi.ru
cyclingnews.com
hobbyking.com
vc.ru
sport5.co.il
npo.nl
netcarshow.com
rue20.com
hpcl.co.in
newsweekjapan.jp
aerlingus.com
alphatv.gr
kuaihou.com
zaobao.com.sg
sbis.ru
ecu.edu
shenchuang.com
quattroruote.it
kissdrama.club
prosport.ro
v9181033.com
passion.ru
zr.ru
giraff.io
comingsoon.net
panorama.com.ve
unian.ua
goodreturns.in
portfolio.hu
ahnegao.com.br
tapochek.net
chinagate.cn
openculture.com
bancocaroni.com.ve
zanichelli.it
moe.gov.om
claro.com.ar
vitacost.com
smc.edu
primagames.com
cool-style.com.tw
cam4.fr
demorgen.be
kontur.ru
wisdomjobs.com
ovagames.com
duniagames.co.id
finofilipino.org
lhy999.com
broadwayworld.com
kvbin.com
attendance.gov.in
itmop.com
brasil247.com
windows64.net
zi-m.com
sfchronicle.com
airbnb.com.br
mapbar.com
filmow.com
zattini.com.br
airbnb.co.kr
inet.ir
fanjian.net
ijie.com
uc129.com
thequint.com
irr.ru
beon.ru
csuchico.edu
finam.ru
anekdot.ru
thenest.com
tomsguide.fr
teambeachbody.com
schoolwires.net
pokemongohub.net
iko-yo.net
fontke.com
stpblckpls.info
readmng.com
ird.govt.nz
schoolnet.com
mytvbt.net
iwantv.com.ph
ultimateclassicrock.com
cagesideseats.com
architecturaldigest.com
lolipop.jp
bradsdeals.com
midilibre.fr
nhs.net
meczyki.pl
heraldsun.com.au
icarros.com.br
smash.gg
mtonews.com
newindianexpress.com
zhangyu.tv
windows-activator.net
wral.com
trendymen.ru
vtb24.ru
pegast.ru
palinfo.com
hitosara.com
globrand.com
cntraveler.com
wetter.at
vipbox.st
mansionglobal.com
geektyrant.com
ujs.edu.cn
myzuka.club
infoworld.com
standardchartered.com.hk
ideal.es
socialplant.com
biglion.ru
mtbr.com
fanfics.me
ywart.com
ukraina.ru
eleconomista.com.mx
ufg.br
tribuneindia.com
ru-an.info
break.com
antena3.ro
dlisted.com
digimart.net
netcoc.com
utro.ru
money.it
journalistenwatch.com
kurs.com.ua
lnwshop.com
baltimoresun.com
racked.com
sinarharian.com.my
hmetro.com.my
ostrovok.ru
voenhronika.ru
cnr.cn
gala.de
mojoo.ir
globes.co.il
takvim.com.tr
vuzlit.ru
shafa.com
centauro.com.br
kinoafisha.info
1ppt.com
state.co.us
petmd.com
mic.com
rtl.be
topstarnews.net
maxportal.hr
timeturk.com
doramy.club
ex-fs.net
arcor.de
pravoved.ru
thelancet.com
alahlynet.com.eg
torontosun.com
nexushd.org
meo.pt
shop.com
assistirfilmeshd.biz
ehu.eus
korzik.net
dragoneggs.one
makezine.com
rus24.tv
ivytech.edu
goodgame.ru
airav.cc
hqwx.com
starrezhousing.com
kinotut.tv
52pcgame.net
tv3.lt
espn.co.uk
thehindubusinessline.com
zerozero.pt
qmail.com
biggboss.io
wbifms.gov.in
notebookreview.com
hoovers.com
hdfull.tv
dailyview.tw
netd.com
mypoisk.su
xiangpi.com
worldometers.info
onlinebank.com
b.dk
1001goroskop.ru
andro4all.com
manager-magazin.de
ums.edu.my
xatakandroid.com
themarker.com
rp.pl
helplib.com
pornolavka.net
dtf.ru
easyaq.com
chip.com.tr
360game.vn
yasour.org
btdog.com
narodna-pravda.ua
gasbuddy.com
news-front.info
elnuevoherald.com
720vt.com
svitppt.com.ua
subject.com.ua
hdreactor.club
heute.at
customs.gov.cn
1ink.cc
aflam.io
1377x.to
onhax.me
barrons.com
pinknews.co.uk
foreignpolicy.com
elektra.com.mx
tesla.cn
diepresse.com
smartworld.it
orlandosentinel.com
game-bonuses.club
isport.ua
architrade.com
parkers.co.uk
espnfc.com
c-ctrip.com
elle.ru
mastergrad.com
pobeda.aero
gamingwonderland.com
5858.com
autobazar.eu
bpjsketenagakerjaan.go.id
theaustralian.com.au
gramota.ru
hankookilbo.com
songslover.club
wunderweib.de
titech.ac.jp
mistrzowie.org
quelle.ru
towleroad.com
inforesist.org
flyuia.com
hoff.ru
vklasse.org
letsrun.com
tvxs.gr
post-survey.com
dailytrust.com.ng
salud180.com
sinchew.com.my
pixartprinting.it
salesforceliveagent.com
pedportal.net
yonkis.com
jansatta.com
klankosova.tv
unlp.edu.ar
zahav.ru
svidok.online
etonline.com
baocungcau.net
eschoolplus31.k12.ar.us
kobe-np.co.jp
budgetbytes.com
leopard-raws.org
cyzone.cn
jo24.net
ciudad.com.ar
chinaaet.com
diariovasco.com
hangzhou.com.cn
fitnessmagazine.com
newsyou.info
babble.com
nuipogoda.ru
trudvsem.ru
pcgarage.ro
kosmetista.ru
c4dcn.com
yes206.com
3dn.ru
gtavicecity.ru
kuyhaa.me
itechtics.com
xgo.com.cn
tfc.tv
dnpmag.com
euro-football.ru
styletc.com
jitaba.cn
oldnavy.com
baodatviet.vn
albeu.com
nexi.it
t2hosted.com
ttk.ru
wesiedu.com
nctu.edu.tw
sawaleif.com
sliver.tv
fansided.com
carvana.com
usm.my
southernliving.com
vw.com
d3.ru
xxhh.com
radiozet.pl
brides.com
spoonuniversity.com
gismeteo.lt
ucrazy.ru
tlife.gr
voeazul.com.br
goodgupiao.com
tellyupdates.com
clickmeeting.com
timeweb.ru
pornovideoshub.com
008zixun.com
autoexpress.co.uk
dhl-usa.com
itavcn.com
9453job.com
animeflv.ru
f8.com
book24.ru
allthatsinteresting.com
download-soundtracks.com
vpgame.com
androidpit.com
noonpresse.com
femmeactuelle.fr
cdaction.pl
tmemp3.com
panuso.com
asianvote.com
askamanager.org
bgeneral.com
ventusky.com
zakupki.gov.ru
edaily.co.kr
golfdigest.com
onlinecub.net
evo-lutio.livejournal.com
shrm.org
all-poster.ru
glossier.com
peopletalk.ru
upsi.edu.my
periscopedata.com
politnavigator.net
solecollector.com
expansion.mx
bombuj.eu
sandiegouniontribune.com
ucoebanking.com
bolsamania.com
anekdotov.net
kfupm.edu.sa
skyperfectv.co.jp
rosreestr.ru
eurobet.it
solverbook.com
granma.cu
povar.ru
ufs.ac.za
lada.ru
verabernardes.com.br
bukkit.org
avseesee.com
clever-tanken.de
video-dom2.ru
loudwire.com
sravni.ru
dulfy.net
di.se
goqsystem.com
itc.ua
coinmarketcal.com
stiripesurse.ro
bharian.com.my
inhabitat.com
oddsportal.com
challenges.fr
seattlepi.com
alternet.org
tampabay.com
ellegirl.ru
halacima.net
universia.es
fakty.ua
cope.es
graziamagazine.ru
kech24.com
inopressa.ru
brightcove.com
allboxing.ru
straighttalk.com
filmtv.it
almayadeen.net
wrestlinginc.com
diablofans.com
kmhd.co.in
kinomax.ru
calend.ru
icutit.ca
ucoz.ua
dochkisinochki.ru
dropi.ru
sports.fr
jfdaily.com
streamjav.net
chula.ac.th
portsmouth.co.uk
cps.com.cn
primerahora.com
rsl.ru
sss.xxx
tjmg.jus.br
campaignlive.co.uk
freesoft.ru
androidworld.it
mobile-review.com
ecitic.com
beliefnet.com
panathinaikoskosmos.com
qlwb.com.cn
globe.com.ph
wowtv.co.kr
youboy.com
ais.co.th
vestifinance.ru
thedroidguy.com
artlebedev.ru
iarex.ru
easyen.ru
elcomercio.es
maltatoday.com.mt
doroob.sa
dinakaran.com
suddenlink.net
vesti.az
augsburger-allgemeine.de
fenglish.ru
melty.fr
ostin.com
adnmb1.com
mathwarehouse.com
raagalahari.com
nguoi-viet.com
loveeto.ru
doramy.net
cuatro.com
pcgames.de
tecnologia.uol.com.br
rutracker.net
streamlord.com
educacion.gob.ec
comparis.ch
advego.com
titan.co.in
poezdato.net
hyiper.net
henrico.k12.va.us
goldprice.org
kienthuc.net.vn
maariv.co.il
zqy.com
cimri.com
sudrf.ru
hokudai.ac.jp
nntt.org
yopriceville.com
freerutor.me
clickhole.com
deutsche-wirtschafts-nachrichten.de
vwvortex.com
spicesafar.com
mineducacion.gov.co
muthead.com
kansascity.com
owschools.com
lakome2.com
shkolazhizni.ru
collegeswitcher.com
birkenstock.com
gizbot.com
brigitte.de
666avtb.com
neznaika.pro
lingust.ru
tvguide.co.uk
maxidom.ru
topix.net
kauppalehti.fi
dailyrecord.co.uk
techworld.com
kasparov.ru
ixiumei.com
74.ru
artnet.cn
viewsnet.jp
tehsilim.info
vuighe.net
erogamescape.dyndns.org
studme.org
mgoblog.com
elpais.com.uy
tez-tour.com
airbnb.co.in
koolinar.ru
fanpage.gr
iranianuk.com
cio.com
kino-dom.org
eurointegration.com.ua
kolesa.ru
studentuniverse.com
tes-game.ru
win-now.co
contabeis.com.br
chayu.com
vnedu.vn
book118.com
binomotrader.com
pcsc.com.tw
lne.es
espreso.tv
xcraft.ru
nationtv.tv
wfaa.com
premiere.fr
televisioneducativa.gob.mx
golfchannel.com
airast.org
filmesviatorrents.info
stmbuy.com
liveomg.com
mobile88.com
investorplace.com
dominos.jp
pkulaw.cn
eghtesadonline.com
car.ir
pornorip.biz
kino.kz
elluminate.com
segmentnext.com
piluli.kharkov.ua
xmindchina.net
riftherald.com
pamyat-naroda.ru
freake.ru
jeu.info
onlineaccess1.com
newsarama.com
kulturologia.ru
whnet.edu.cn
inform.kz
guancha.cc
shaheenair.com
coincheckup.com
apurogol.net
oko-planet.su
beartai.com
kaifolog.ru
sun-sentinel.com
pln.co.id
ctege.info
swenbew.com
stuttgarter-zeitung.de
hochu.ua
tbcdn.cn
ummat.net
downcc.com
sportrbc.ru
ntsw.ir
linktech.cn
likar.info
pnp.ru
pep.com.cn
xatakamovil.com
falcom.co.jp
metalinjection.net
sverhestestvenoe.com
eclinicalweb.com
kingautos.net
lautoentrepreneur.fr
ori.nic.in
wugu.com.cn
storaensometsa.fi
dailytelegraph.com.au
proxyvote.com
twenty20.com
tedata.net
upgarage.com
warfiles.ru
outdooractive.com
walesonline.co.uk
barchart.com
smt-cinema.com
qpl-search.com
canoe.com
michaelkors.com
fin24.com
dualshockers.com
seo55.com
ybw315.com
secure-banking.com
ecartelera.com
multiplayer.it
mel.fm
stranamasterov.ru
robokassa.ru
iwanbanaran.com
maxim.com
zadolba.li
ozee.com
gameguru.ru
anime-i.com
leomanga.com
sissiweb.it
lacapital.com.ar
shorouknews.com
oplata.info
taoruanjian.com
dt.co.kr
ferra.ru
cnal.com
v918v.com
homecredit.ru
jcconcursos.uol.com.br
bradesconetempresa.b.br
p5w.net
csc.com
ntknetwork.com
flytothesky.ru
sz-online.de
tvarticles.org
mnogo.uz
znak.com
geekologie.com
gizmodo.com.au
kg-portal.ru
state.or.us
hentai-id.tv
autocentrum.pl
valor.com.br
laprensa.hn
zbgb.org
newstatesman.com
newsok.com
xtremetop100.com
openedu.ru
jaidefinichon.org
attuale.ru
commonhealth.com.tw
youdo.com
racedepartment.com
lojasrenner.com.br
plati.ru
95095.com
datoporn.co
elheraldo.co
mid-day.com
bikeforums.net
therealdeal.com
aviny.com
drivespark.com
drphil.com
cbr.ru
moe.gov.ae
hyundaicard.com
zismo.biz
onlarissa.gr
interestingengineering.com
unc.edu.ar
free-telechargement.co
kudago.com
hishop.com.cn
myexception.cn
edulands.com
techport.ru
saveur.com
parlerdamour.fr
jinse.com
viafree.no
bold.dk
calciomatome.net
aivis.tv
bricoman.it
newark.com
rasmussenreports.com
lacuarta.com
mann-ivanov-ferber.ru
thedailymeal.com
ivss.gob.ve
datasus.gov.br
celebmafia.com
saksoff5th.com
27.ua
vanityfair.it
symbols-n-emoticons.com
universalorlando.com
shopotam.ru
agentstvo-prazdnik.com
bella.tw
masterorganicchemistry.com
divascancook.com
igap.net
sharecare.com
taidous.com
king5.com
eblik.pl
cscse.edu.cn
radio.net
nordbayern.de
blogsicilia.it
24wro.com.gr
mangalam.com
calcuworld.com
jyllands-posten.dk
xilu.com
mpasho.co.ke
semestr.ru
epiclive.gg
gtaall.com
nestle.jp
avaz.ba
city8.com
congstar.de
btcheat.com
sunlight.net
smart-gsm.com
detroitnews.com
triblive.com
blognews.am
meinbezirk.at
gamer-mods.ru
latribune.fr
masterkreatif.com
anjian.com
gamevicio.com
wsimg.com
badische-zeitung.de
leasticoulddo.com
business2community.com
truecorp.co.th
vr.fi
diletant.media
clicksud.org
rufilmtv.club
eska.pl
uni-lj.si
cookinglight.com
loveradio.ru
nplus1.ru
tvigle.ru
ainanas.com
geometria.ru
indianoil.co.in
popcornnews.ru
multikino.pl
foot01.com
lelang.ru
bluestacks.cn
trkmt.info
mondo.rs
abendblatt.de
todayifoundout.com
chrysler.com
mdzol.com
worldsnooker.com
topvideo.tj
racingpost.com
livrariacultura.com.br
lawebdelprogramador.com
mbl.is
spr.ru
medianews.az
greenwichmeantime.com
auchan.ru
elecfans.com
bagnet.org
slt.lk
huaren.us
playmsn.com
qiyukf.com
epidemz.co
jav.re
prabhatkhabar.com
proxfree.com
22.cn
360totalsecurity.com
educationworld.com
espn.com.ve
cronica.com.ar
sadistic.pl
snob.ru
size.co.uk
ksa-teachers.com
zelka.org
bookschina.com
besplatka.ua
info-4all.ru
prada.com
knijky.ru
elestimulo.com
ogorod.ru
jj20.com
gaia.com
uji.es
cineticket.com.mx
quto.ru
sport24.co.za
top-eon.cf
tvc.ru
smotri.com
linkiesta.it
sekindo.com
macromedia.com
psychologies.com
africanews.com
virginaustralia.com
topixoffbeat.com
3798.com
nbafullhd.com
tsu.ru
j-storm.co.jp
nonograms.ru
waxfilm.net
stuff.tv
nix.ru
tijd.be
uni-due.de
btrl.ro
103.by
aist.go.jp
allkeyshop.com
asuscomm.com
wowinterface.com
navigator.az
point.md
rabbitpre.com
humsub.com.pk
tousatu.biz
nadarenews.com
timeoutcn.com
askmefast.com
moddingway.com
unn.com.ua
rustica.fr
super-orujie.ru
2x2tv.ru
uchportal.ru
wplocker.com
videotron.com
salyk.kz
atcomet.com
estrepublicain.fr
viralised.com
mymodernmet.com
kwongwah.com.my
zik.ua
wwd.com
mirconnect.ru
road.cc
9to5toys.com
ivi.az
informador.mx
israelnationalnews.com
kinitv.com
hellasjournal.com
qinxue.com
risingbd.com
ne10.uol.com.br
sltrib.com
101xp.com
kafeteria.pl
twse.com.tw
financialpost.com
nahnews.org
filmpro.ru
viralvideos.live
filfan.com
peeroff.net
fnacspectacles.com
automobile.it
sport.de
hdfilme.tv
hispashare.com
moviemad.biz
kxan.com
amextravel.com
neboleem.net
fotosklad.ru
bigbigwork.com
lolskill.net
ucheba.ru
cqupt.edu.cn
turtella.ru
softcoin.com
kaltura.com
asiatvdrma.com
petrovich.ru
urbia.de
birminghammail.co.uk
bjnews.com.cn
profi.ru
mundoboaforma.com.br
thecapital.com.cn
morganstanleyclientserv.com
abc7news.com
eldeber.com.bo
lexus.com
jnu.edu.cn
adidas-group.com
nextshark.com
ng.ru
csoonline.com
city-bank.net
stylenanda.com
polit.info
onlineguru.ru
nascar.com
univ-lille1.fr
friends-online.co
tolonews.com
ct10000.com
airtelbank.com
cdrwx.cn
rac1.cat
iitr.ac.in
xtracker.org
inews.co.uk
gcu.edu.cn
humana.com
autopiter.ru
649339.com
hvylya.net
slovenskenovice.si
finanzaonline.com
translate.com
rin.ru
takaratomy.co.jp
regione.veneto.it
suprnova.cc
siasat.com
sonyalpharumors.com
bilimdiler.kz
siamphone.com
yaolan.com
atv.hu
bostonherald.com
seccountry.com
empireonline.com
euronics.it
news.mn
politobzor.net
roadrunner.com
his-j.com
massaget.kz
vm.ru
dinamani.com
1newss.xyz
sat1.de
kookje.co.kr
n1.ru
torrinomedica.it
gomaji.com
ebharatgas.com
santaihu.com
asbook.co
chipmaker.ru
visasam.ru
mediamarkt.gr
istoe.com.br
shayef.net
abw.by
fzu.edu.cn
naruto-base.su
wondercv.com
kinosha.su
animalpolitico.com
windstream.net
farodevigo.es
lovethispic.com
stadion.uz
ncu.edu.tw
mydailymagazine.com
epymtservice.com
mastersecrets.ru
aldebaran.ru
lifecard.co.jp
moex.com
evobanco.com
hoopshype.com
kroton.com.br
emisora.org.es
paraphrasing-tool.com
oldi.ru
nationaldaycalendar.com
icicibank.co.in
bigbangtv.space
liecheng.cn
tv.ua
sandesh.com
cztv.com
shopspring.com
cinema.com.hk
ptptn.gov.my
lurer.com
fcinternews.it
arabysexy.com
emp3wifi.com
voici-news.fr
uwindsor.ca
lokmat.com
krafta-musicas.cc
fss.or.kr
azofreeware.com
fayerwayer.com
bossip.com
mysupermarket.co.uk
doublelist.com
window.edu.ru
siberianhealth.com
dyxia.com
elgenero.com
heraldo.es
educacao.pe.gov.br
viedemerde.fr
wilko.com
click-or-die.ru
films-torrent.ru
coolsymbol.com
huffingtonpost.in
ecuagol.com
dishnetwork.com
order-order.com
jamtangan.com
trustwave.com
iprofesional.com
directoalpaladar.com
xwowmall.com
polycetts.nic.in
yongkao.com
soundtrap.com
gdz-putina.net
investorscare.com
channel3000.com
aniclub.su
otago.ac.nz
ultimasnoticias.com.ve
publimetro.co
mgts.ru
hdkinoklub.com
abc7ny.com
meteoprog.ua
realmenrealstyle.com
hermo.my
iphone-mania.jp
ipaiban.com
modgames.net
metal-tracker.com
lecker.de
lavenir.net
chinaxiaokang.com
my7475.com
stmods.ru
cnforex.com
okbuy.com
rollcall.com
metavante.com
zeebiz.com
rumonline.net
takeshobo.co.jp
reseauinternational.net
ic.ac.uk
vob2.com
dhl.com.mx
bia2k.site
msubmit.net
drakorindofilms.net
aihami.com
vice.cn
autoroad.cz
blackbaudhosting.com
gamer-info.com
wowcircle.com
pornoshara.tv
thegoodguys.com.au
tivix.co
woohay.com
fapl.ru
juvenews.eu
vipcn.com
rqb.ir
u-mama.ru
sanatisharif.ir
airbnb.gr
fcbayern.com
cuisineactuelle.fr
n-e-n.ru
androidhive.info
pics.livejournal.com
zurnal24.si
thefirearmblog.com
searchgot.com
4players.de
sudact.ru
domashniy.ru
tododvdfull.com
dialog.ua
15too.com
91zsedu.cn
hkfe.hk
imeixiu.cn
qiuzk.com
geniusepay.in
walletone.com
wintalent.cn
closermag.fr
experianidentityservice.co.uk
finance.ua
sistacafe.com
diario.mx
crazydaysandnights.net
bookvoed.ru
mundodasmensagens.com
cg.gov.in
kinoarhiv.club
121down.com
move.ru
gotceleb.com
etecsa.cu
woodforest.com
corvetteforum.com
omaha.com
bbwhf.com
taxact.com
ivss.gov.ve
sobesednik.ru
diariouno.com.ar
prenhall.com
zgjsks.com
kari.com
realtimeboard.com
screencrush.com
yapfiles.ru
grammarist.com
diabetes.co.uk
dziennik.pl
shicimingju.com
glav.su
syracuse.com
mundijuegos.com
geourdu.com
cn1069.net
vesti.mk
akket.com
chroniclelive.co.uk
ichip.ru
onlainfilm.club
radiokot.ru
sportsseoul.com
lge.com
hogarmania.com
carls-sims-4-guide.com
stream-cr7.net
waz.de
surfstitch.com
decathlon.com
repairclinic.com
louderwithcrowder.com
emprenor.store
zuche.com
zhibok8.com
firsttechfed.com
youxiniao.com
elobservador.com.uy
milejemplos.com
rupoem.ru
boursier.com
opportunitydesk.org
dzenkino.kz
kserieshd.com
holodilnik.ru
86pla.com
onlymyhealth.com
koton.com
deckshop.pro
aek21fans.gr
016272.com
watchcric.org
sumologic.com
5068.com
normasapa.com
marieclaire.ru
uiiiuiii.com
soliq.uz
layandrama.org
mouse-jp.co.jp
knet.cn
redbubble.net
aponline.gov.in
aruodas.lt
shoudian.org
c-nexco.co.jp
uflash.tv
url.edu.gt
akmoedu.kz
chicme.com
benefit-one.co.jp
lz13.cn
hrdepartment.com
nanrenwo.net
esign-nsdl.com
atatech.org
wasu.cn
princetonecom.com
noacsc.org
cd.cz
sapjam.com
cruzeirodosul.edu.br
fju.edu.tw
sbmu.ac.ir
aptransport.in
el-ahly.com
beian.gov.cn
squ.edu.om
swufe.edu.cn
soogif.com
gwd50.org
skylabs.info
indienova.com
indiaglitz.com
losandes.com.ar
dramabeans.com
wokesloth.com
smite.guru
jeux-gratuits.com
behdasht.gov.ir
kraloyun.com
nepremicnine.net
autoplus.fr
biotecnika.org
irimo.ir
bilim-all.kz
samsungcard.com
nosalty.hu
westca.com
naciodigital.cat
luluhypermarket.com
puthiyathalaimurai.com
5577.com
newvision.co.ug
tailopez.com
junkee.com
jauns.lv
stardima.com
rugbyrama.fr
47news.jp
culturamix.com
watchbox.de
e-himart.co.kr
blanja.com
sawfirst.com
realtime-chart.info
pondiuni.edu.in
rutorka.net
mohre.gov.ae
campaignmonitor.com
hypestat.com
byrdie.com
igeeksblog.com
zserials.cc
sourcecodester.com
follettsoftware.com
yeshen.com
pomorska.pl
greatamericancountry.com
teamtalk.com
ehr.com
mzamin.com
mixanitouxronou.gr
weburg.net
winning11cn.com
mi3ch.livejournal.com
nsgalleries.com
clicccar.com
agi.it
bcbay.com
letu.ru
channelawesome.com
parsiblog.com
tnk12.gov
minhaserie.com.br
tinybuddha.com
straightdope.com
vehiclehistory.com
ca-news.org
superdownloads.com.br
traidsoft.net
tweaktown.com
diez.hn
lbpiaccess.com
insight.ly
chinamobile.com
88997.com
audiomack.com
huatu.com
matomecup.com
walterfootball.com
homebrewtalk.com
toggle.sg
blindgossip.com
androidpit.fr
jpg4.us
newnownext.com
nbcchicago.com
jiazhao.com
scjn.gob.mx
stockhouse.com
supersoluce.com
parsijoo.ir
hdfclife.com
examcoo.com
familjeliv.se
www.uol
telestar.fr
travel.ru
applytojob.com
soldionline.it
pineconeresearch.com
styl.pl
christiantoday.com
worldfn.net
eap.gr
azaleasdolls.com
coral.ru
np.edu.sg
muzisoft.com
hoy.es
petitfute.com
trivago.ru
temox.com
fabao365.com
obconline.co.in
utahrealestate.com
planetaneperiano.com
bki.ir
maerskline.com
betman.co.kr
lebanonfiles.com
pietsmiet.de
tvbox.ag
homedit.com
bumeran.com.ar
emigrantas.tv
planetf1.com
glassdoor.com.au
breadnbutter.tmall.com
shoes.net.cn
freshservice.com
thecoli.com
9news.com
twincities.com
myajc.com
ocps.net
ekb.eg
upvid.co
rbt.ru
kuaila.com
homehardware.ca
mybdo.com.ph
csd.gov.za
cedexis-test.com
allrecipes.co.uk
fantizi5.com
vancouversun.com
hrsmart.com
nachrichten.at
nicematin.com
timesunion.com
fuwo.com
bloombergquint.com
womai.com
vol.at
rich-birds.com
talent-soft.com
theweek.co.uk
josaa.nic.in
gopax.co.kr
online.ua
stat.gov.kz
diarioonline.com.br
buffed.de
nlotto.co.kr
almasdarnews.com
matrimonio.com
vijaykarnatakaepaper.com
addiyar.com
cp.pt
fow.tv
perthnow.com.au
upmc.com
mom.me
airbnb.pt
courant.com
dauniv.ac.in
wowbiz.ro
telecom.com.ar
168.am
siasat.pk
tvseries4u.com
teamgantt.com
v9181032.com
civfanatics.com
bizoninvest.com
vc52.cn
androidpit.com.br
jardiner-malin.fr
lanouvellerepublique.fr
adaderana.lk
secure-investment.net
wines-info.com
keralakaumudi.com
mandmdirect.com
iiit.ac.in
skyunion.net
saipacorp.com
englishlinx.com
wordfind.com
eltrecetv.com.ar
phb123.com
mrbilit.com
zuidaima.com
uberhumor.com
allrecipes.ru
myinstants.com
starbucks.co.jp
tcm.com
ahlolbait.com
csiro.au
discovermagazine.com
citiesocial.com
bombayhighcourt.nic.in
audiworld.com
kcrg.com
rushlimbaugh.com
travelsky.com
moomoo.io
xizi.com
tuvturk.com.tr
tugafree.pw
linnem.info
seo.com.cn
ual.com
utaseries.com
gomap.az
schibsted.no
colombia.com
etdown.net
livenewson.com
detran.ce.gov.br
javaworld.com
linksfin.com
yzb315.com
therecipecritic.com
logitravel.com
hogaresdelapatria.org
yogajournal.com
aradrama.net
poorlydrawnlines.com
guloggratis.dk
telebank.co.il
carros.uol.com.br
mangadeep.com
lematin.ch
mrnussbaum.com
graniru.org
tennessean.com
fredmeyer.com
standardbank.com
danshihack.com
smallencode.com
pmda.go.jp
dailynayadiganta.com
actualicese.com
eluniversal.com.co
qgtuan.com
tsum.ru
angolotesti.it
wskonnekt.com
liveresult.ru
goodmenproject.com
techsupportforum.com
yxzoo.com
protv.md
coasttocoastam.com
pixelsurplus.com
emailsp.com
smart.com.ph
tvnotas.com.mx
applyyourself.com
stylelovely.com
telusur.co.id
hoy.com.do
vodafone.ro
bikerumor.com
plo.vn
bzi.ro
eldiariomontanes.es
simsvip.com
linuxprobe.com
csuohio.edu
dnevno.hr
huffingtonpost.com.mx
utem.edu.my
meridiano.com.ve
ncr.com
vashgorod.ru
thecelebritycafe.com
junaeb.cl
standardchartered.com.sg
mashreqbank.com
allhockey.ru
trollandtoad.com
vanguardia.com
getfeedback.com
iplaysoft.com
cut.ac.za
thebiglead.com
yahui.cc
sportwitness.co.uk
portaldeangola.com
psicoactiva.com
news-postseven.com
imlb2c.com
ticketmaster.com.au
palomar.edu
ufma.br
deccanherald.com
wbiao.cn
wxphp.com
media-pers.com
freshdirect.com
tim.blog
xvideo.porn
15yan.com
aemoban.com
mvdis.gov.tw
karstadt.de
ca.gov.sa
healthkart.com
papelpop.com
bnnbloomberg.ca
thethaovanhoa.vn
trivago.com.br
kyschools.us
premierguitar.com
sookmyung.ac.kr
akaboo.jp
vauva.fi
couriermail.com.au
vistoenlasredes.com
memepedia.ru
dinero.com
car.ru
center-yf.ru
canberratimes.com.au
labour.gov.za
spartan.com
kosova-sot.info
samsungcsportal.com
autonews.com
flysat.com
automobilemag.com
ubitennis.com
animezone.pl
telegrafi.com
elnortedecastilla.es
allsechro.com
finobzor.ru
russia-insider.com
fxiaoke.com
vkool.net
dcnews.ro
cirquedusoleil.com
butfootballclub.fr
panampost.com
cadillac.com
roadbikereview.com
loccitane.com
memehk.com
billpaysite.com
cinespot.net
genius-epay.in
wymarzonyogrod.pl
callofduty.com
sharafdg.com
fubon.com
ringhk.com
zybus.net
4-traders.com
statesman.com
stockplanconnect.com
411mania.com
sokoglam.com
bpn.go.id
warezplay.com
volarenovels.com
mythicspoiler.com
maliweb.net
8tracks.com
virahaber.com
kaznu.kz
factmag.com
wheels24.co.za
kruupdate.com
enu.kz
wuhan.gov.cn
cotemaison.fr
e-news.su
thelotter.com
uaeu.ac.ae
diputados.gob.mx
geniusmarketing.me
korvideo.com
ruban.com
cgpolice.gov.in
adelaidenow.com.au
elheraldo.hn
boattrader.com
elconfidencialdigital.com
greaterkashmir.com
ellitoral.com
bitunion.org
elwatan.com
rico.com.vc
kirannewsagency.com
teamusa.org
hxwy.org
nnzp.com
joinpakarmy.gov.pk
sahamyab.com
superdeporte.es
theawesomer.com
net114.com
elpais.com.co
infoplease.com
pjn.gov.ar
harpercollins.com
btmule.org
moviepredators.com
hdvietnam.com
abc15.com
trivago.fr
dasiboda.com
2ch-matome.com
netframework-microsoft.com
cathaylife.com.tw
mikymoons.com
hezkuntza.net
0629.com.ua
jobappnetwork.com
kino.dk
novi.ba
kraftrecipes.com
citypages.com
sdelanounas.ru
newson6.com
pki.gov.kz
newizv.ru
payubiz.in
go-gddq.com
easemob.com
yikuyi.com
ekabu.ru
elpopular.pe
canalturf.com
unishivaji.ac.in
ampparit.com
lwxiaoshuo.com
home-designing.com
yardbarker.com
abbaudiobook.com
euroset.ru
biologists.org
fer-ta.com
jyouhouya3.net
pravda-tv.com
audiokarma.org
sekai-kabuka.com
acidcow.com
sybase.com
marv.jp
fsd38.ab.ca
nyumc.org
digitalartsonline.co.uk
abl.com
nbcphiladelphia.com
publimetro.cl
krepsinis.net
balls.ie
lomadee.com
cookieandkate.com
mwultong.blogspot.com
elcaribe.com.do
buu.ac.th
cyrillitsa.ru
joradp.dz
today.kz
womens24x7.com
uff.uz
autoweek.com
boerse.de
the4thofficial.net
tele.ru
fanwen99.cn
freetetris.org
openloadmovies.to
central.co.th
uab.es
tjba.jus.br
xataka.com.mx
tanea.gr
cubecdn.net
opmen10.com
pacificleague.jp
forward.com
wowdb.com
scheduleonce.com
naijapals.com
agoramt.com.br
tiexue.net
vietnamplus.vn
davesgarden.com
quasarzone.co.kr
ottawacitizen.com
kinoman.uz
serviciodeempleo.gov.co
neko-san.fr
playtvak.cz
unica.ro
allnightnippon.com
bluradio.com
jobs.ie
gemscool.com
pctipp.ch
kpopn.com
rusjev.net
watoday.com.au
wuzzup.ru
instinctmagazine.com
juming.com
tanga.com
infovotantes.co
tamilanguide.in
abartazeha.com
culturaocio.com
ranepa.ru
leporno.org
indystar.com
gslink.co
foodnetwork.ca
zamanalwsl.net
gazetakrakowska.pl
hpstore.cn
everydaycarry.com
motorauthority.com
redeszone.net
bazonline.ch
dlouha-videa.cz
afonlinee.com
femefun.com
totalrl.com
uson.mx
businesslive.co.za
ccopyright.com.cn
gzevergrandefc.com
fastindianporn.com
dhl.co.uk
allday2.com
canalmaisvistas.com
vesti.kz
atbmarket.com
jiaodong.net
shobserver.com
ccfgroup.com
krs-online.com.pl
trivago.pt
webexconnect.com
zhaozi.cn
suning.tmall.com
szsi.gov.cn
buct.edu.cn
spwiki.net
walmartmexico.com.mx
full-serie.biz
mymarket.ge
esolcourses.com
airbnb.com.hk
quickmobilefix.com
autobild.es
tribalfootball.com
fdzone.org
vente-exclusive.com
peremogi.livejournal.com
recipetineats.com
ligastavok.ru
healthboards.com
registrocivil.cl
delsuronline.com.ve
cndns.com
eoffcn.com
healshow.com
soccer-douga.com
9alami.info
10000.gd.cn
cctime.com
eastlady.cn
gkzhan.com
ifonebox.cn
makaidong.com
bcn.cat
music-lectures.com
mp3.support
yify.online
sastra.edu
sut.ac.th
online812.ru
elbocon.pe
askform.cn
epicc.com.cn
fishc.com
kuakao.com
seahawks.com
jschina.com.cn
footwearnews.com
brighthubengineering.com
square-enix.co.jp
g-pra.com
bmlink.com
espn.com.ar
veracross.eu
raja.ir
meteoconsult.fr
poupatempo.sp.gov.br
karatbank.io
destinationxl.com
altalex.com
mosoteach.cn
volny.cz
newindia.co.in
vqs.com
empornium.sx
paipai.fm
uni-siegen.de
louisvuitton.cn
teachingideas.co.uk
mangahasu.se
trivago.jp
goarmy.com
1bj.com
baicaio.com
cvworld.cn
gzgjj.gov.cn
hikvision.tmall.com
hnjy.com.cn
iyaxin.com
jeasyui.net
studyez.com
ditonlinebetalingssystem.dk
kshowsubindo.org
areamobile.de
telva.com
ain.ua
travelata.ru
omonatheydidnt.livejournal.com
bilimsite.kz
epaper.pk
sportinglife.com
jkbankonline.com
dailymirror.lk
series-thai.com
icrt.cu
indiancinemagallery.com
justjaredjr.com
dnb.com
dziennikzachodni.pl
verplusonline.com
loveholidays.com
gaode.com
prajavani.net
vashdosug.ru
zara.tmall.com
filmgoo.com
xiaohx.org
futbolred.com
nbcnewyork.com
hamtruyen.com
biocompare.com
labioguia.com
megafilmesserieshd.com
amrbd.com
otempo.com.br
wwtdd.com
mts.by
titantv.com
sisense.com
bancounion.com.bo
noticaribe.com.mx
everesttech.net
a-z-animals.com
law.com
akilanews.com
yw56.com.cn
wiconnect.co
gorod.dp.ua
los40.com.mx
tyden.cz
metro.us
gdt.gov.vn
artvid.ru
5671.info
airbnbchina.cn
vmou.ac.in
tiscali.co.uk
imaeil.com
dreamteamfc.com
ipv6-test.com
hawaiinewsnow.com
souka.tk
toplife.com
investmentguruindia.com
edn.com
todaysparent.com
brokensilenze.net
100bt.com
trivago.com.tr
enseignementsup-recherche.gouv.fr
salecycle.com
dzfoot.com
gameover.com.hk
perkeso.gov.my
rusradio.ru
myloanmanager.com
88db.com.hk
fox2detroit.com
pirate4x4.com
dishanywhere.com
ok.co.uk
napisy24.pl
electronicdesign.com
gayharem.com
basketnews.lt
kviconline.gov.in
truyenqq.com
avval.ir
alibabacorp.com
onwomen.ru
wazap.com
tastingtable.com
careco.jp
ebitsu.net
landof10.com
usedvictoria.com
ozy.com
dnr-news.com
im-apps.net
kufura.jp
dangpu.over-blog.com
5ifxw.com
ghostxx.com
qiyi.com
lottecinema.co.kr
expedia.co.in
zoneofgames.ru
hep.com.cn
dramalike.tv
heraldscotland.com
nexo.io
camwhoreshd.com
qianfanedu.cn
juegosjuegos.com
speedguide.net
99.com.cn
sify.com
surlatable.com
incredibar.com
weltfussball.de
albanesi.it
123movieshd.online
napiszar.com
arabiaweather.com
heartscoin.io
avvocatoandreani.it
ichkoche.at
lostiempos.com
giaohangtietkiem.vn
jamaicaobserver.com
level.travel
mangathai.com
muz-tv.ru
tunesp.com
clublexus.com
transfermarkt.es
u-pec.fr
mexicodesconocido.com.mx
romajidesu.com
ilgiorno.it
serviceonline.gov.in
ondacero.es
stooq.pl
koaci.com
nongli.com
palmbeachpost.com
chimelong.com
gogakuru.com
univ-lemans.fr
aamulehti.fi
wisestamp.com
kurdiu.org
cglabour.nic.in
norma.uz
lovehoney.co.uk
laola1.tv
nbadraft.net
svet24.si
info.gov.hk
infinitummail.com
vibe.com
autoguide.com
purseblog.com
jlindeberg.tmall.com
bonas.tmall.com
wonderfulfood.com.tw
gzmtr.com
socialbeta.com
weijuju.com
oyksoft.com
ford-trucks.com
renfe.es
motorradonline.de
ccss.sa.cr
ancient-origins.net
primiciasya.com
ikanfan.com
squallchannel.com
outlookindia.com
bagilagi.com
netology.ru
monitors.bz
sephora.sg
themeasuredmom.com
3dxiuxiu.cn
gecid.com
avex.jp
guiadasemana.com.br
folha.com.br
teflserver.com
myvoice.co.jp
fashiony.ru
bhojvirtualuniversity.com
telestream.net
huabaike.com
sonovente.com
watchfomny.tv
dnes24.sk
gamestop.it
betfred.com
regione.sicilia.it
5253.com
ac-rouen.fr
mondoconv.it
ygtcn.com
hp.nic.in
weibufengge.com
kaopu001.com
aotu43.com
travelodge.co.uk
techlicious.com
kojinbango-card.go.jp
ketab.ir
sabda.org
htzyw.com
jtgcl.com
cjf.gob.mx
irishjobs.ie
fldoe.org
heedum.com
iiyi.com
ittribalwo.com
plantuml.com
cnfol.com
cantv.com.ve
uinsby.ac.id
cqsq.com
lelekan.com
xmj1688.com
wehefei.com
dpe.gov.bd
sinap.ac.cn
onlinecursosgratuitos.com
popcorntime.sh
okmall.tw
epet.com
jfinal.com
finanzaspersonales.co
rouding.com
mobileworld.it
temagay.com
tqn.com
wz.de
narkii.com
bongda24h.vn
xatakafoto.com
06climate.com
ferguson.com
11alive.com
chelseafc.com
sulpak.kz
blackbaudondemand.com
checkfreeweb.com
roadtrippers.com
geo.de
dd-on.jp
dn-cloud.com
ntt-finance.co.jp
news4jax.com
2chcn.com
douane.gouv.fr
seriesanimadas.net
42xz.com
51jiabo.com
5iyingxiao.com
beoplay.cn
cq.gov.cn
hnzxyy.com
icax.org
weipaipian.com
fancy.com
tested.com
youzign.com
murciaeduca.es
oasport.it
milfslutporn.com
expatforum.com
soymotor.com
hollywoodtuna.com
phoenixcontact.com
itemmania.com
prudential.com.hk
unocero.com
aliyun-inc.com
wonderbox.fr
putlockers.tw
tcb-bank.com.tw
lisimg.com
cncmax.cn
dsogaming.com
guerrero.gob.mx
iplclub.com
bradva.bg
yves-rocher.ru
mojtv.hr
km.com.qa
macos.livejournal.com
columbia-xxx.com
nbcbayarea.com
dziennikwschodni.pl
uscreditcardguide.com
personalitycafe.com
niniweblog.com
qin.com.br
airbnb.no
general-anzeiger-bonn.de
truemoney.com
postgradproblems.com
55888.eu
nycgo.com
kgw.com
uqwimax.jp
avvenire.it
t-cat.com.tw
quinnipiac.edu
checkraka.com
moeid.com
boingohotspot.net
afterdawn.com
frommers.com
countryeconomy.com
viral-launch.com
modeltheme.com
yinhang123.net
ulsan.ac.kr
askadmissions.net
mediabox.uz
yesfile.com
androidheadlines.com
mia.com
freepressjournal.in
airbnb.com.tr
solvetic.com
binmovie.org
habererk.com
pinoytv.ae
calcionapoli24.it
xiaoji001.com
ozap.com
businessdailyafrica.com
meteo-paris.com
philosophy.com
drugfreeworld.org
metalsucks.net
nw.de
finanzen.ch
theunitynetwork.com
myfreeblack.com
alkhaleej.ae
wddty.com
900hub.pw
alashainasy.kz
kir2kos.net
pptfans.cn
edb.com
weather2umbrella.com
info.cz
wjla.com
thueringer-allgemeine.de
korablik.ru
lecongreseft.com
jet2.com
5.ua
eldia.com.do
daisomall.co.kr
wanmei.net
8kana.com
gtobal.com
hzcb.gov.cn
ybzhan.cn
oh100.com
ovaciondigital.com.uy
fieldandstream.com
autozeitung.de
cbooo.cn
lifeandstylemag.com
abc11.com
qm41.com
azmovies.xyz
wow-professions.com
securesuite.net
yabatech.edu.ng
mobicint.net
easy-pay.in
nbclosangeles.com
lutrija.hr
manatelugumovies.net
wgsnchina.cn
educapeques.com
theurbanlist.com
canarias7.es
food.com
uin-suska.ac.id
adilet.gov.kz
al-jazirah.com
arduino.cn
kp.by
pingpangwang.com
tmj4.com
pandoraopen.ru
thisreadingmama.com
drsnysvet.cz
tiempo.com.mx
edigitalsurvey.com
downg.com
botanam.net
altpress.com
awn.com
state.va.us
cleverism.com
blendercn.org
ktmb.com.my
ivid.it
passarela.com.br
accountservergroup.com
chc.edu.tw
dayviews.com
seriesperu.com
muyhistoria.es
nintendo.com.hk
clevelandbrowns.com
beacukai.go.id
telekom.sk
gorod48.ru
ppe.pl
mtsd.k12.nj.us
efe.com
ca-alpesprovence.fr
ralphs.com
subispeed.com
dubai.ae
g2play.net
antwerpen.be
nbc4i.com
achanime.net
sabado.pt
xsport.ua
diariopopular.com.ar
bitren.com
bjchyedu.cn
moke8.com
enn.cn
chinairn.com
centrastage.net
stolplit.ru
sin-mesias.tumblr.com
universe.com
newstodaypk.com
gmbox.ru
forebears.io
buenamusica.com
cloudfra.com
mmorpg.org.pl
maz-online.de
renault.fr
jovenclub.cu
russiapost.su
espnfc.com.au
fourwheeler.com
ff14-14tuusin.com
msaas.jp
fakemailgenerator.com
universia.net.co
neatorama.com
ecranlarge.com
srcei.cl
finanztreff.de
javusb.com
zemoleza.com.br
teach-nology.com
mobilians.co.kr
kantukan.co.kr
footfetishbb.com
dinheirovivo.pt
valeursactuelles.com
itpro.co.uk
onlinefree.co
drsfostersmith.com
world-mining.net
mediaonetv.in
ohbulan.com
electroschematics.com
iproperty.com.my
theteacherscorner.net
fxpan.com
milleunadonna.it
joovideo.net
showcasecinemas.co.uk
maihaome.com
surveycheck.com
knoxnews.com
ege.edu.tr
wconcept.co.kr
brain-magazine.fr
fm-base.co.uk
asekose.am
hebnews.cn
truelancer.com
bangordailynews.com
moroccoworldnews.com
hainanairlines.com
lawlessfrench.com
intercrew.tmall.com
rimed.cu
tfmstyle.com
jpa.gov.my
safaricom.co.ke
mamamia.com.au
kobobooks.com
gundam.info
argylehotels.com
y-3.com
trivago.hk
nrj.fr
quelibroleo.com
blsspainvisa.com
xinrong.com
lovehifi.com
szns.edu.cn
11773.com
jlonline.com
p.to
rights.tmall.com
safehoo.com
server110.com
topit.me
yihaojiaju.com
ojo.pe
bartamanpatrika.com
phongvu.vn
1c-interes.ru
pinoytambayanlambingan.com
insidelacrosse.com
rudn.ru
theblacktux.com
dangerousminds.net
internetslang.com
information.dk
newsearchtds.ru
karnatakabank.co.in
keralapareekshabhavan.in
grands-meres.net
inkuiri.com
carhartt.com
somethingpositive.net
esdiario.com
pvrcinemas.com
jeffco.k12.co.us
motorcyclistonline.com
iex.nl
popcorntv.it
fx168.com
t.cn
cartscheckout.com
laprovincia.es
honda-tech.com
cinedetodo.com
keke123.cc
eduvidya.com
sstruyen.com
48.cn
sud.kz
golf.com
zhaifu.cc
lucifer-tv.ru
gazetalubuska.pl
empleo.gob.mx
minv.sk
alquds.com
uttarpradesh.org
chennaicorporation.gov.in
wxyz.com
steamspy.com
footpatrol.com
reshet.tv
kellerisd.net
soka.ac.jp
likecool.com
eetimes.com
yoycart.com
nurseslabs.com
24.kz
datacash.com
cycly.co.jp
gaiax-socialmedialab.jp
dangi.co.kr
timliao.com
kron4.com
thechronicleherald.ca
fbise.edu.pk
ellotte.com
theworldnews.net
whitehouseblackmarket.com
ljworld.com
057.ua
3533.com
lfg.com
onef.gov.bf
istiklal.com.tr
dhl.co.jp
deraktionaer.de
coinwarz.com
roomie.jp
wifetube.sexy
zuji.com.hk
theedgemarkets.com
osumc.edu
coachmag.co.uk
inipec.gov.it
varesenews.it
rap-up.com
magicjack.com
mediabiasfactcheck.com
pravda.rs
yoka.com
urgentcargus.ro
esubtitle.com
ppdai.com
comments.ua
cuview.net
dorzeczy.pl
youblisher.com
wiwibloggs.com
fab.mil.br
extranjeria.gob.cl
wsav.com
borsatek.com
diariodenavarra.es
asrb.org.in
trinidadexpress.com
hi-ho.ne.jp
pornuj.cz
frysfood.com
mediacombb.net
convertri.com
worldtimeserver.com
runews24.ru
dewalt.com
lzgd.com.cn
boliga.dk
selbst.de
documaniatv.com
diariodecadiz.es
kshop.co.kr
piratebay.red
wqw2010.blogspot.com
cnews.lk
manga99.com
zheng800.com
wetter24.de
cloudacl.com
onepeloton.com
promovacances.com
kboing.com.br
ucv.ve
picktorrent.com
extendedstayamerica.com
nmb48-mtm.com
vitalmtb.com
espn.go.com
sphero.com
hockeybuzz.com
kikocosmetics.com
managingmadrid.com
desimartini.com
macwelt.de
edmontonjournal.com
spellchecker.net
roozame.com
pledgemusic.com
ssb.it
fibi.co.il
boerse-online.de
janeeyre.tmall.com
ta3.com
maquillage.com
10tv.com
hznzcn.com
lottecard.co.kr
cdn.com.do
lucianne.com
haosou.com
monolithicpower.com
onegoodthingbyjillee.com
szlib.org.cn
pullandbear.tmall.com
ohtuleht.ee
fansshare.com
mot.com
ktvu.com
mmu.edu.my
vnpost.vn
theargus.co.uk
doisongphapluat.com
republicservices.com
etam.com
uapkpro.com
jaynestars.com
cnedu.cn
jiluniwo.cn
selected.tmall.com
breathehr.com
ghanasoccernet.com
diariodemocracia.com
volgistics.com
ultimahora.es
machahid24.com
unikl.edu.my
real.gr
brighthub.com
tech-recipes.com
onlinesbiglobal.com
kcrw.com
naturalbd.com
toywiz.com
javarevisited.blogspot.in
doax-venusvacation.jp
kshb.com
99damage.de
oblenergo.odessa.ua
kemlu.go.id
alldatesheetnic.co.in
amna.gr
hornydragon.blogspot.com
hse24.de
infonet.vn
myblog.it
thursdayisland.tmall.com
laopiniondemurcia.es
machinedesign.com
nowwatchtvlive.net
libremercado.com
sarkarinaukriblog.com
chinazszx.com.cn
youzijob.com
gfbzb.gov.cn
msyc.cc
exam-labs.com
nextbigfuture.com
dinnerthendessert.com
apherald.com
cssforum.com.pk
callejero.net
webneel.com
electronics-notes.com
megafon.tv
tifr.res.in
megasharesc.com
artemdragunov.livejournal.com
fmovie.cc
fvn.no
mptreasury.org
businessinsider.jp
banquemisr.com
niti.gov.in
dgft.gov.in
xinli001.com
kundun1069.com
legendasnahora.com
mxtv.jp
wsoctv.com
jenny.gr
mbworld.org
irantalent.com
123watchjav.com
btracker.org
mpsh.ru
city.ota.tokyo.jp
kaola.jp
dfm2u.pw
freemoviedownloads6.com
edmsauce.com
zofile.com
laopiniondemalaga.es
bobgateway.com
softlayer.com
aerzteblatt.de
honeybook.com
11183.com.cn
lemall.com
elmon.cat
ziaruldeiasi.ro
obd-codes.com
hashtagify.me
ilblogdellestelle.it
soundboard.com
phoronix.com
fubiz.net
vercapas.com
kwch.com
hdygh.com
wowcher.co.uk
champion.com
tutiempo.net
epson.co.uk
leonardo.it
creativity-online.com
imigrasi.go.id
swachhbharaturban.gov.in
ssgdfm.com
mikeschiavomusic.com
ipadizate.es
ephotozine.com
goc.gov.tr
ncedcloud.org
ascodevida.com
a3manga.com
itworld.com
wingontravel.com
justapinch.com
carlist.my
scu.edu.tw
vienna.at
ibuypower.com
stylist.co.uk
csir.co.za
verifiedbyvisa.com
wfla.com
androidinfotech.com
maurices.com
smconectados.com
teleboerse.de
autoaffiliatemachine.com
antikor.com.ua
podrygka.ru
collishop.be
sngpl.com.pk
autorambler.ru
singularityhub.com
pensandpatron.com
netdania.com
lanueva.com
dmarge.com
superama.com.mx
myproana.com
finanzen100.de
tayyar.org
peacecorps.gov
gagadaily.com
onofre.com.br
fresnobee.com
sex-ero-moviejapan.jp
veritrans.co.jp
eurobasket.com
nowness.com
mangahub.io
ourlads.com
venezuelatuya.com
ant.gob.ec
kagawa-u.ac.jp
ijr.com
deia.eus
noticiasautomotivas.com.br
momjoi.com
accessoft.com
blockvalue.com
androidpit.it
allopneus.com
ap.nic.in
edziecko.pl
almundo.com.ar
upschannel.eu
tvovermind.com
dreamhosters.com
diyphotography.net
sumomo-ch.com
rumah123.com
gossip.it
kannadaprabha.com
123milhas.com
ahaonline.cz
neea.edu.cn
nahad.ir
dnevnik.si
tgtransport.net
xnews2.com
bancoplaza.com
hypem.com
atomix.vg
dermnetnz.org
farmasiint.com
lk21tv.com
soe.com.ua
ieltsmaterial.com
aps.edu
jpg4.xyz
fathomevents.com
duwun.com.mm
edu.kh.ua
sortiesdvd.com
noticiasdenavarra.com
northjersey.com
noprobshyips.com
onlinemathlearning.com
zingarate.com
mygarage.ro
azerpost.az
a1plus.am
3dprint.com
allthetests.com
tnh1.com.br
logitravel.pt
eleparts.co.kr
football.fr
examiner.com
cincinnati.com
freehd.com.ua
arenda.az
atrbpn.go.id
koudai8.com
crash.net
golfweek.com
technorms.com
langerie.tmall.com
tuicruises.com
torrent-kino.org
legorafi.fr
sohu-inc.com
beautyeditor.ca
kentucky.com
ecobolsa.com
diariodemallorca.es
j-motto.co.jp
thetruthaboutcars.com
solnet.ao
hdouga.com
vehicle123.com
gaoding.com
fyens.dk
tnn.com.tr
fmylife.com
crypto-source.org
yk.kz
mundokodi.com
8531.cn
ccoea.org.cn
dshrc.com
wifisong.com
webnews.it
beiwo.tv
buhgalter.com.ua
dudegadgets.com
keclips.com
thepiratebay.blue
eglobal.com.mx
ksk.tw
saggiamente.com
tnp.sg
pressdemocrat.com
rung.vn
thunderex.com
layanon9.pro
ecycle.com.br
evat.ir
139site.com
alu.cn
itreping.com
jqueryfuns.com
ncnynl.com
oppein.cn
elmundo.com.ve
purplle.com
nissan.ru
thedenverchannel.com
graffica.info
trendencias.com
ruansky.com
nbcwashington.com
socioempleo.gob.ec
emprendepyme.net
nottinghampost.com
tds.net
verticalresponse.com
gsuplementos.com.br
acheterweb.com
payza.eu
techeblog.com
bbva.com.co
gomel.today
pcsteps.gr
jv.ru
weboc.gov.pk
dispatch.com
isaechia.it
tfaforms.net
dp.ru
juxtapoz.com
almotawaset.com
widyatama.ac.id
rp.edu.sg
fesco.com.cn
qan.az
ngs24.ru
10.tv
dongmanmanhua.cn
1-2-3.tv
marthastewartweddings.com
graycell.ru
blitzquotidiano.it
economiadigital.es
cambiumnetworks.com
gazetekeyfi.com
tucsonnewsnow.com
primermagazine.com
jiaren.org
computicket.com
eb.br
maclife.de
pinoyofw.su
5h.com
nra.org
argumentiru.com
carnetdelapatria.org
dailysteals.com
kozaczek.pl
dailycal.org
thehulltruth.com
esprinet.com
mediacomtoday.com
h2o-china.com
yuexiu.gov.cn
pwinsider.com
jordanzad.com
thelocal.se
ilbianconero.com
kaksplus.fi
dubaipolice.gov.ae
gomovies.net
temptation-experience.com
flashgames.it
panorama.it
myupchar.com
overdrive.in
edinstvennaya.ua
91.com.vn
freecadweb.org
kroobannok.com
ttu.ee
kupidonia.ru
arch2o.com
movies.com
amplesound.net
shortit.ca
skeneth-news.com
divxtotal.co
actiludis.com
uexpress.com
hardocp.com
decathlon.net
omnisecu.com
universia.com.ar
icsi.edu
secure11gw.ro
frayid.tmall.com
th-koeln.de
brainhoney.com
downyi.com
siminilbo.co.kr
jibeapply.com
uoc.ac.in
hackbase.com
mazda.co.jp
tangeche.com
kingsoopers.com
edu.sh.cn
bne.es
weekseries.net
ntust.edu.tw
hcpss.org
americasfreedomfighters.com
soo56.com
mfa.uz
listoviral.com
yutong.com
baobao88.com
simnetonline.com
animekom.com
camdencsd.org
rrk.ir
dailypioneer.com
whoau.tmall.com
piratebays.co.uk
celpe.com.br
g.com.cn
mybankone.com
lachiesa.it
bon-cloud.net
cfldcn.com
guidaye.com
szlawyers.com
astufeed.com
arearaw.com
3367.com
sejie4.com
183.com.cn
picturehouses.com
eltelegrafo.com.ec
qu-medical.com
yoger.com.cn
duapp.com
soubarato.com.br
pagibigfund.gov.ph
iob.in
s-manuals.com
intersport.gr
hochiminhcity.gov.vn
csis.ir
animehdzero.com
meguro-library.jp
bits-goa.ac.in
ibaraki.ac.jp
cypress.com
biblia.com
zasobygwp.pl
stanbicibtcbank.com
utaseries.co
tolivelugu.com
elicense.kz
univ-bejaia.dz
teamdeals.ro
spetteguless.it
iran-eng.ir
edugorilla.com
finehomebuilding.com
nbahd.net
lefollieshop.com
patanjaliayurved.net
free-torrents.org
opendemocracy.net
hurriyetdailynews.com
pudra.ru
cosmopolitan.de
heartinternet.uk
gomovies.la
readersdigest.ca
detaly.co.il
dzienniklodzki.pl
cdxsite.com
mvmco.ir
streaming-time.com
medianp.com
news5cleveland.com
jobvision.ir
accessadm.net
muhammadniaz.net
love-sims.ru
muztorr.ru
smallgames.ws
prian.ru
mmegi.bw
pinme.ru
thegymgroup.com
lovehoney.com
icana.ir
bbandt.com
passorange.sn
sketchucation.com
mainpost.de
studentville.it
hochschule-rhein-waal.de
kuehne-nagel.com
my-fly.ru
browsermine.com
the-radio.ru
howsci.com
entrerios.gov.ar
somostodosum.com.br
aup.ru
teteamodeler.com
newzimbabwe.com
esto.com.mx
unitaangola.com
abcactionnews.com
africaguinee.com
zra.org.zm
tripura.gov.in
kenkenpuzzle.com
telekomsport.ro
moviehaat.net
yves-rocher.fr
live-tennis.eu
worldcrisis.ru
e-pagos.cl
airchina.jp
tokyokankyo.or.jp
ccna7.com
visordown.com
yzu.edu.tw
esportlivescore.com
rpaz.co.zw
391k.com
estadiodeportivo.com
okay.uz
bonds.com.au
animeanime.jp
cnwest.com
hiphopangolano.net
guitartabsexplorer.com
aai.aero
winthrillsnetwork.com
kipris.or.kr
conexaolusofona.org
61ef.cn
bjp321.com
d1cm.com
gaokw.com
hdks.gov.cn
ruanwen.la
tita.com
xiabu.com
xiuai.com
kisalfold.hu
3566t.com
99166.com
leaseweb.com
toutpratique.com
desmoinesregister.com
mybb.com.hk
baohiemxahoi.gov.vn
anixter.com
ved-nov.ru
hulkshare.com
dailycamera.com
laohucaijing.com
automobile-propre.com
nepalipatra.com
iocl.com
basilmarket.com
frontera.info
observator.tv
unblockedhyperbay.info
metronews.ru
relevantmagazine.com
canal-supporters.com
nana10.co.il
mon-ip.com
comicbookresources.com
carsalesnetwork.com.au
nihaowang.com
ca001.com
ul.ac.za
sport-weekend.com
harmls.com
ibreatheimhungry.com
phaser.io
bitcoinexchangeguide.com
attijariwafa.com
freebeacon.com
varmatin.com
latribuna.hn
champions4k.com
you.gr
kmov.com
guitarthai.com
tvshow.com.uy
lespac.com
itesco.cz
subaruforester.org
cloudfile.co
qooxi.net
trivago.com.au
wcpo.com
cobbashop.com
proxyoneahoy.net
gizmodo.uol.com.br
eduhk.hk
vulcanpost.com
next-engine.com
niigata-u.ac.jp
kaztrk.kz
gaceta-oficial.com
atlantico.fr
chicagobears.com
reviersport.de
cbs17.com
spotcrime.com
docer.pl
viddictive.co
thehomedecoridea.com
creativereview.co.uk
breitengrad53.de
lecturas.com
shcilestamp.com
crex24.com
fourchette-et-bikini.fr
partneragencies.net
electricaltechnology.org
coverr.co
guiadelnino.com
unanet.biz
ldb.lt
pieas.edu.pk
ci.org
shakko-kitsune.livejournal.com
thepunchlineismachismo.com
gwentdb.com
scofieldnz.tmall.com
danstonchat.com
topanalyse.org
moph.gov.qa
freegames.ws
vitalk.vn
2000okok.cc
alikey.tmall.com
datealive.com.cn
free-ss.tk
ghost123.com
imgeek.org
phpernote.com
renrendoc.com
tgnet.com
th-sjy.com
xiaomishu.com
yiche.com
hbuhsd.edu
automobile-catalog.com
alrajhitadawul.com.sa
e-history.kz
meiocurioso.com
mp3.pm
holidayinn.com
kruwandee.com
lingla.com
ijunoon.com
srpnet.com
taand.com
rpgcodex.net
e-billexpress.com
branto.ru
polskatimes.pl
medallia.eu
10best.com
mediaad.org
theindychannel.com
manilatimes.net
post.lt
newschannel5.com
diariolasamericas.com
koraman360.ga
state.ia.us
unionleader.com
ledevoir.com
esmaelmorais.com.br
sain-et-naturel.com
letidor.ru
knowyourmobile.com
cs50.net
lakbima.lk
renault.com.ar
2265.com
notaparana.pr.gov.br
erogazo-jp.net
datavalet.io
jcity.com
school-collection.edu.ru
idahostatesman.com
works.com
myconnectwise.net
mobasher.us
solopos.com
toonkor.com
imperiyanews.ru
unpam.ac.id
newcar.com
66868.com
adatasm.tmall.com
beingmate.com
cet.edu.cn
dianxin.com
fjkjks.com
in-en.com
kingfast.top
loccitane.tmall.com
lovebizhi.com
lunwentianxia.com
mm111.net
mnks.net
ovo.com.cn
qianmi.com
semi.ac.cn
zqsports.com
royall.ir
hamiltonmusical.com
convertimage.net
hotrod.com
easyget.co.ua
city.kodaira.tokyo.jp
pcolle.jp
shadowverse.jp
gazettelive.co.uk
egitimsistem.com
43rumors.com
newadvent.org
kevinmd.com
sportslottery.com.tw
bluesoleil.com
usabit.com
lalsace.fr
dibujos.net
universia.pt
uniube.br
tresubresdobles.com
rtl.hu
eternallifestyle.com
bbsgayru.com
konkuk.ac.kr
toyota.ru
askona.ru
21ic.com
azersu.az
flightdeckfriend.com
runkit.com
rehlat.com.sa
kentuckysportsradio.com
animetvn.tv
soufun.com
martinsfontespaulista.com.br
doseng.org
igualdadycalidadcba.gov.ar
etimad.sa
colitahentai.com
mjakmama24.pl
aqua.hu
zixmail.net
standardchartered.com.my
lu.ch
destinationtips.com
itedou.com
boxofficeindia.com
xenoversemods.com
dhl.fr
ativo.com
dtiserv2.com
herworld.com
brandless.com
grazia.fr
leiyun.org
detran.pi.gov.br
shadertoy.com
halykbank.kz
calendarpedia.com
findapprenticeship.service.gov.uk
realcanadiansuperstore.ca
valuta.se
24heures.ch
sendungverpasst.de
nwitimes.com
b9.com.br
kdpneus.com.br
hyundai-forums.com
jokeji.cn
7sown.com
semana.es
investinblockchain.com
yieldmanager.com
qostanay.tv
gololy.com
dhakasports.com
osaka-sandai.ac.jp
tennis365.net
espacefrancais.com
exceltip.com
topfile.tj
amf.land
asminternational.org
am.com.mx
estudiaraprender.com
wales.nhs.uk
aircanada.ca
yisd.net
drogariaspacheco.com.br
xatakaciencia.com
gov-online.go.jp
timeanywhere.com
4teachers.org
speedweek.com
blizzboygames.net
lakersnation.com
whdh.com
equibase.com
jurnalul.ro
trend-corner.com
amateurphotographer.co.uk
cbm.sc.gov.br
francetelecom.fr
360training.com
lacywear.ru
momondo.co.uk
mrv.com.br
splunkcloud.com
inforum.com
bankrakyat.com.my
intercontinental.com
world4ufree.bid
cyberpluspaiement.com
structube.com
ronenbekerman.com
dailynews.lk
fiorentina.it
citamedicaissste.mx
sportsline.com
superjeweler.com
romanews.eu
bahman.ir
pathfinder.gr
hkeaa.edu.hk
8xxxtuber.com
ifrc.org
szse.cn
xavlike.com
gamergen.com
e-marketing.fr
xunbopian.com
blewaah.com
neues-deutschland.de
9clacks.org
clickthecity.com
mers.hk
cincinnatibell.net
wavo.com
apfeltalk.de
magicftw.com
sanluisobispo.com
chalk.com
madata.gr
cineclick.com.br
wate.com
molibaike.com
egov66.ru
spendwithpennies.com
vestibular.uol.com.br
mindmegette.hu
videoclip.bg
seeker.com
laopiniondezamora.es
baadooballhd.com
opple.tmall.com
thrivehive.com
geex-arts.com
localzoho.com
linuxandubuntu.com
ana-white.com
kkss66.com
njupt.edu.cn
gaystarnews.com
explore.org
electronicgadgetshub.com
thaijobjob.com
doujin.com.tw
liliputing.com
thescottishsun.co.uk
yorkshirepost.co.uk
tabletitans.com
gameplay.tips
englishforum.ch
family.co.jp
duyidu.com
nextquotidiano.it
guixifs.tmall.com
psu.com
parhlo.com
idpay.ir
gr-assets.com
learnet.se
richersounds.com
zafu.edu.cn
kcna.kp
51bestseller.com
5lux.com
99f2d.com
cardbaobao.com
chanjet.com
cnbanbao.cn
cnipr.com
ctsports.com.cn
dongdao.net
hd.gov.cn
mrqdb.com
shenma1688.com
tejiawang.com
thermaltake.tmall.com
wdc.tmall.com
yantuchina.com
zhaoshang100.com
ykkap.co.jp
footballtransfertavern.com
chiangraifocus.com
camer.be
f150forum.com
dishtvbiz.in
ez-wms.com
sms.at
wgiftcard.com
nogomania.com
ogo1.ru
legendaoficial.net
treemall.com.tw
torrent.org.cn
openlistings.com
cpaontario.ca
santopapo.com.br
anyfiles.pl
donnaglamour.it
erogazopple.com
asphaltandrubber.com
kdramastars1.wordpress.com
topradiostationsonline.com
findtheneedle.co.uk
koalasplayground.com
viewpure.com
odditycentral.com
neilyoungarchives.com
gyhj.org
topvtop.net
zhouyi.cc
planetrugby.com
milfxxx.pro
plantedtank.net
attackofthefanboy.com
cyberctm.com
perfecte.md
hilton.com.cn
chicagobusiness.com
expressbydgoski.pl
egat.co.th
dragonball360.com
pec.ir
crashonline.gr
solveyourtech.com
drama2.tv
takimag.com
channeli.in
goldsilver.com
lilsubs.com
relleciga.tmall.com
shippuden.tv
bandhanbankonline.com
xuatnhapcanh.gov.vn
sunarp.gob.pe
drmax.cz
kentonline.co.uk
medicatconnect.com
ls-portal.eu
fjtj.com
srbin.info
allrecipes.com.br
datart.cz
eurospin.it
donungvip.com
watchwrestling.nl
iusm.co.kr
starbene.it
scilearn.com
birthdaywishes.expert
nos.org
ipms247.com
actionvfx.com
vzorientation.com
texasmonthly.com
chubu.ac.jp
bits-hyderabad.ac.in
tj.gov.cn
tv-news.fr
naxe.org
btalah.com
sfexaminer.com
loja2.com.br
theblast.com
televizyongazetesi.com
tajawal.ae
ceros.com
miakhalifa2018.com
bananastore.com
greenstyle.it
alonhadat.com.vn
deefun.com
hocvientruyentranh.com
hardcoregamer.com
100noticias.com.ni
survivalistboards.com
pnp.de
bandung.go.id
omegafi.com
ohpama.com
melarossa.it
viralstyle.com
forococheselectricos.com
thelogicalindian.com
drogariasaopaulo.com.br
camptocamp.org
inter.ua
mac-forums.com
eldia.es
logic-puzzles.org
vente-du-diable.com
nhu.edu.tw
floristics.info
multiki-online24.ru
livecharts.co.uk
conevyt.org.mx
vdolevke.ru
whowhatwear.co.uk
julienslive.com
myanmars.net
epson.it
capitulosdesoyluna.net
musicfeeds.com.au
bupa.com.sa
meteo.cat
trivago.ca
identityredesign.tw
yahooeu.ru
cnbrass.com
elnacional.com.do
rzn.info
filmesonlinetv.net
hoover.k12.al.us
nordjyske.dk
mediamind.com
textarchive.ru
xunibi.biz
jucyjudy.tmall.com
cryptowatch.jp
xn--bckav7mb6pm11tuf3aoy9al7fz3g.xyz
autolinkach.com
bufale.net
senati.edu.pe
gtpl.net
thenewstribune.com
bishtarazyek.com
mangak.info
aun.edu.eg
aiims.edu
jfklibrary.org
kuna.net.kw
loudoun.gov
youwatch-series.com
firs.gov.ng
redporn.net
ticketmaster.co.nz
nulledpk.com
intellego.fr
trustedid.com
mylovedtube.com
trivago.gr
kerener.tmall.com
cantv.net
kepco.co.kr
kanazawa-u.ac.jp
xytune.com
cinepremiere.com.mx
tipico.com
charter724.ir
beth.k12.pa.us
afaqs.com
iidvd.com
nowtv.it
uni-rostock.de
sysaidit.com
artleo.com
just.edu.jo
konan-u.ac.jp
antimaydan.info
ite.edu.sg
privatesportshop.es
bongdanet.vn
franklintempletonindia.com
veriotis.gr
pcdatravel.gov.in
finans.dk
unosantafe.com.ar
crimeaua1.wordpress.com
nung18plus.com
stosz.com
skymetweather.com
lokalkompass.de
potplayer.org
plateno.com
liveaquaria.com
audiostereo.pl
otaghak.com
wholesomeyum.com
nijibondo.com
bigblueinteractive.com
anti-maidan.com
tasse-fisco.com
2logch.com
asablo.jp
erogazooo.club
kyuusai2nd.net
pc-master.jp
pcdepot.co.jp
popincdn.com
sonicch.com
uchida.co.jp
wikiwiki7-r.net
vashesamodelkino.ru
birthdaymessages.net
16tree.com
fs2008.cn
asos-media.com
tivibuspor.com.tr
googlewatchblog.de
048.ua
myportal.gr
paristeam.fr
infobolsa.es
lesbiantube.club
suckhoedoisong.vn
philadelphiaeagles.com
legionathletics.com
scribens.fr
aardio.com
aocsm.tmall.com
audio160.com
byr.edu.cn
casio.tmall.com
changsha.gov.cn
genban.org
ijntv.cn
mac52ipod.cn
nau.edu.cn
nchu.edu.cn
pangci.cc
phei.com.cn
weixinrj.cn
anitokyo.tv
millets.co.uk
kpopscene.com
cambridge-news.co.uk
gotdatfire.com
app.com
iefxz.com
teamgaki.com
levelup.com
karachan.org
v2load.de
wivb.com
vkweikufs.tmall.com
javnofilm.com
registerguard.com
ssbjk.in
mobike.io
skadtec.com
fountainpennetwork.com
sporbiz.co.kr
twotti.tmall.com
microbeonline.com
newsmondo.it
digital-forum.it
mashriqtv.pk
e-didaskalia.blogspot.gr
lawyeredu.com
lumberjocks.com
dailynews.com
mta.hu
billingjapan.co.jp
niijima.com
sugatsune.co.jp
videonews.com
mibius.online
fappyness.com
thehardtimes.net
afterellen.com
ka-news.de
jobsbotswana.info
gtplanet.net
fujirumors.com
gloria.hr
opennetworkexchange.net
kharide20.com
universalproductionmusic.com
digiro.ir
bittersweetcandybowl.com
bgonline.se
astrology.gr
beautyforever.com
ucsfmedicalcenter.org
onfastspring.com
amztracker.com
turistipercaso.it
5etop.com
rarejob.com
eduglobal.com
ziperto.com
osaka-info.jp
animelon.com
futbolfantasy.com
secure2gw.ro
mfa.gov.il
hobbygames.ru
taaghche.ir
nissan.fr
shift.com
mapcamera.com
aktion-mensch.de
djring.com
banekala.ir
webmanagercenter.com
unimedia.info
muchodeporte.com
mes.fm
toyotanation.com
hongkong.fi
mmm.me
definiciona.com
callawaygolf.com
centraldnserver.com
expresdiario.com.ar
superstreetonline.com
dbsuperepisode.com
erotickerande.cz
ifs.edu.br
movieocean.net
kreskoweczki.pl
trt8.jus.br
dikti.go.id
sampark.gov.in
sportetstyle.fr
jiotv.com
technobuffalo.com
funtvkids.com
ion.ir
dcurbanmom.com
aplogin.com
lacie.com
computer1001.com
kuis.edu.my
ellechina.com
dongabank.com.vn
beautyass.com
cambabe.me
firstcoastnews.com
marketresearch.com
mikmak.co.il
pt.lu
truyentranhtuan.com
aimglobalinc.com
shede.com
fib-sd.com
t603.com
tele-envivo.com
wibw.com
list4hyip.com
planet-kob.ru
jntuh.ac.in
parkwhiz.com
ftpbd.net
samsung.net
bollywoodcharcha.com
cambabe.video
futbolme.com
ziyouz.com
askanews.it
spihost.net
wmoov.com
iub.edu.pk
esdig.com
adpcorp.com
atpanel.com
insecam.org
merolagani.com
bluecoat.com
presli.by
humanapharmacy.com
kanald.ro
ufile.ca
noticias-ahora.com
idpsso.net
qqzhi.com
mwultong.blogspot.kr
blackdesertfoundry.com
qatarairways.com.qa
rockyview.ab.ca
healthfusionclaims.com
bukken1.com
jlc.ne.jp
koeki-net.com
gujacpc.nic.in
tasx.uz
xiadele.com
brazzerscontent.com
only-paper.ru
wqdian.com
jpon.xyz
universo3gp.org
parallax.com
nse.com.ng
hcpss.me
swu.ac.kr
uzzf.com
juegosfriv2018.link
tamilo.com
buscardatos.com
piratebay247.net
jetprivilege.com
turfoo.fr
cucirca.eu
ncocc.net
cobaep.edu.mx
monsterenergy.com
istockmall.com
kingbet.net
enanyang.my
hyiphome.net
toyota.es
stopstream.me
mvsnoticias.com
nj1015.com
teenslang.su
russian.fi
scuolazoo.com
lytogame.com
join4films.com
schachermayer.com
highgroundgaming.com
divxsubtitles.net
primamedia.ru
jobskind.com
deshabhimani.com
radiosarajevo.ba
forum24.cz
shoppinglive.ru
puravidabracelets.com
tanx.com
dhl.it
dushu.io
metro.pr
anzhiban.tmall.com
univ-tln.fr
cyou-inc.com
xinjs.cn
atrilli.co
hentaitk.net
i-run.fr
svenskafans.com
higherperspectives.com
audioreview.com
thegazette.com
myendnoteweb.com
universidaduvm.mx
tellychakkar.com
veervr.tv
autopista.es
maestramary.altervista.org
toyota.it
ipt.pt
ideiacriativa.org
mystatesman.com
1track.ru
alser.kz
winboard.org
laprensalara.com.ve
vampirefreaks.com
culture.leclerc
next.co.il
rakbankonline.ae
yikexue.com
gta-travel.com
fukuishimbun.co.jp
freigeist-forum-tuebingen.de
obaldeno.ru
alexgyver.ru
ptcl.net
noelleeming.co.nz
elnuevodiario.com.do
tn.kz
famsa.com
oba.org.br
waralbum.ru
myjob.uz
novostink.ru
woozworld.com
13wham.com
germanos.gr
nuz.uz
360quan.com
3m.tmall.com
52vr.com
archsummit.com
artlinkart.com
azhiboba.com
babailiren.com
careerfrog.com.cn
chuchubg.tmall.com
d17.cc
dongmanxingkong.com
esteelauder.tmall.com
etg56.com
fcczp.com
geodigital.cn
glofang.com
google-cn.net
ioteams.com
jita.im
pkw6.com
qunar.it
razer.tmall.com
wandaplaza.cn
2fc5.com
oct.ca
canonistas.com
pacourts.us
motori.it
amazona.de
xatakahome.com
cainer.com
envertetcontretous.fr
teknikensvarld.se
makerfaire.com
cakeoff.ir
arko.or.kr
2chb.net
blackdesertonline.jp
dpwn.net
hbox.jp
silverdoctors.com
wp.de
trabalho.gov.br
voenpro.ru
laroma24.it
fox10phoenix.com
negocioem21dias.com.br
picz.in.th
dhl.co.in
jeepforum.com
laopinion.com.co
ts.fi
iwan4399.com
tohome.com
wsmv.com
joovideo.com
melipayamak.ir
biosagentplus.com
sirsidynix.net
la.lv
arabi-online.net
tvblog.it
primochef.it
wzzm13.com
ashland.edu
kittygfs.com
blog.it
ligainsider.de
22miles.com
envoytransfers.com
leychile.cl
espn.com.co
getbills.com
saraswatbank.co.in
haojue.com
fazenda.pr.gov.br
menagea3.net
gamehunters.club
shof.co.il
sina24h.com
lavozdeasturias.es
commoncriteriaportal.org
mediashuttle.com
bluedarttrackings.in
epathshala.nic.in
kfcc.co.kr
leicestermercury.co.uk
internetworld.de
compass-usa.com
golf-monthly.co.uk
midiplex.net
bustedcoverage.com
cibntv.net
kereta-api.co.id
ibahia.com
velosklad.ru
frasicelebri.it
cept.gov.in
dengi.ua
hotping.co.kr
wsvn.com
petsmart.ca
searchtds.ru
city-n.ru
gabia.com
agrodolce.it
hobsons.co.uk
series-onlines.com
zilliqa.com
jootv.us
elblogsalmon.com
online-translator.com
knigi.link
dlcompare.fr
football.by
support.nic.in
zinus.com
amazonservices.com
piratenbucht.eu
wbtv.com
sereduc.com
onesource.com
runway-webstore.com
cedato.com
nuevatribuna.es
uuweaver.com
thegraphicsfairy.com
manoto.news
thefutoncritic.com
uinsgd.ac.id
phhc.gov.in
buffalo-ggn.net
caribbeanjobs.com
cnnewmusic.com
blacksportsonline.com
ccm.edu
ubd.edu.bn
dogazofree.com
jrbuskanto.co.jp
jubei.jp
lenet.jp
mport.ua
i-fotki.info
flickeringmyth.com
bankersdaily.in
publimetro.pe
rcmir.com
ncue.edu.tw
lc-tech.com
zonasports.es
onion.link
contractortalk.com
financestar.co
labour.gov.in
slantmagazine.com
rcuniverse.com
jetsoclub.com
cremedelamer.com
ambient-mixer.com
freshmenu.com
cruise.com
chicagonow.com
hanoi.gov.vn
elsiglodedurango.com.mx
drogasil.com.br
jokergameth.com
lemoniteur.fr
giga-2017.com
ridgewallet.com
rolls-roycemotorcars.com
batman-news.com
rode.com
sounds.com
oficinadirecta.com
navimedix.com
matureshock.com
gramophone.co.uk
fircroft.com
iterable.com
excel-pratique.com
escardio.org
imageweb.ws
webassign.com
tjrn.jus.br
bsi.ac.id
paywithpoli.com
irantvto.ir
xiaogushi.com
useragentstring.com
megafilmeshd50.top
sportall.ge
xoriental.com
gazette.com
menshairstyletrends.com
piratbaypirate.link
diarioshow.com
lametayel.co.il
ufsdata.com
libreriamo.it
mp3you.tube
kelidestan.com
childrenshospital.org
biqubao.com
fubon.net
spfc.net
istorya.ru
eglobalcentral.com.es
cdc.gov.tw
secretlab.co
babcock.edu.ng
acquia-sites.com
lemonidolshow.com
specialchem.com
amazonaws-china.com
solncesvet.ru
slickwraps.com
hahabar.com
win2farsi.com
runbt.co
eglobalcentral.eu
linfodrome.com
foxmovies.com
ero-shame.com
amebame.com
codesforuniversalremotes.com
chinaerdos.com
mh9.cc
semyana.info
contaboserver.net
tomballisd.net
teluguone.com
derbund.ch
smithsfoodanddrug.com
ooredoo.tn
bigmachines.com
inseecgateway.com
nhacpro.net
foxsportsasia.com
arabo.com
alphamediazone.com
chinasafety.gov.cn
bomtan.net
online.de
sephora.com.br
airport.ir
japanese-jobs.com
finn-flare.ru
wistv.com
caa.edu.cn
jta.org
wmcactionnews5.com
padasalai.net
customs.gov.sa
stubru.be
cloudfrondt.net
astronomy.com
dailystarmovies.com
datosmacro.com
gk24.pl
tiansin.com
hallyukstar.com
lalaziosiamonoi.it
glamour.de
animebam.net
2144.com
freshrecords.ru
canonical.com
honest.com
fox29.com
feimao.cloud
congosynthese.com
aperata.net
bridoz.com
cesoirtv.com
ibilik.my
putnik1.livejournal.com
cobinhood.com
bigwww.com
cfs-cn.com
giligi.li
ququabc.com
zoogooy.com
servicechannel.com
olympia.gr
bilgisayarbilisim.net
allaccess.com
syst.com.cn
lamontagne.fr
matvpratique.com
coastalliving.com
wkyc.com
teamos-hkrg.com
link-boost.com
sgtreport.com
grupel.eu
lianoraswiss.com
higherlight.org
harland.net
wishtv.com
wetteronline.at
jmonae.com
andrei-bt.livejournal.com
cashbackholic.com
autodesk.net
petrobras.com.br
vellisa.ru
ritastatusreport.live
huelvainformacion.es
openload-d.co
delawareonline.com
fassadenkratzer.wordpress.com
piekielni.pl
busliniensuche.de
thebigmansworld.com
siraplimau.com
mgnet.me
brandesse.com
shuwu.mobi
snepb.gov.cn
heraldlive.co.za
wpxi.com
androidapkdescargar.com
wwlp.com
medias-presse.info
argfx.co
applysquare.com
tgcom24.it
cythia0805.com
toolgram.ir
paintnite.com
ogofilm.ru
baadraan.ir
interviewmagazine.com
van-u.com
gph.gov.sa
misturadealegria.blogspot.com.br
armfly.com
asiancrush.com
easysurf.cc
septwolvesnm.tmall.com
checknews.fr
maganin.com
belasmensagens.com.br
canisius.edu
godmeetsfashion.com
bikesales.com.au
elsolucionario.org
mccoveychronicles.com
1011now.com
wkrn.com
javarevisited.blogspot.com
universidadviu.es
38.co.kr
dkyobobook.co.kr
pelop.gr
sritown.com
ediltecnico.it
megaeletronicos.com
vitalmx.com
onlinepayment.com.my
fimes.gr
devonlive.com
iphonefaq.org
onrealm.org
society19.com
futboltotal.com.mx
skinpacks.com
kafe.co.il
sambad.in
ufrr.br
pensionioggi.it
allyou.com
securebrygid.com
pintosevich.com
acv-online.be
metafootball.com
huidong.gov.cn
hznovi.com
realitybrazzers.com
checkatrade.com
filmesviatorrent.me
severestudios.com
narwhale.io
dailysale.com
phandroid.com
lotour.com
motofichas.com
guiadelocio.com
pz-news.de
getflix.com.au
lolhehehe.com
videnskab.dk
homestratosphere.com
skillprogramming.com
xxnxx2018.org
vipracing.info
zahitvstations.com
qguys.ru
dhl.es
bu.ac.th
gov.cv
pu.edu.tw
symthic.com
shape.gr
jefusion.com
shopat24.com
motor1.uol.com.br
redgol.cl
horoscopovirtual.com.br
wisselkoers.nl
privetpeople.ru
dahe.cn
novosti-med.com
knigilub.ru
lottoland.co.uk
tarladalal.com
co-optimus.com
gatewayedi.com
keloland.com
dressbarn.com
moneymorning.com
okeydostavka.ru
rjjaca.ru
stu.edu.tw
dondeir.com
disneytouristblog.com
whio.com
readmore.de
friscoisd.org
notengotele.com
vefire.ru
todopapas.com
dahuatech.com
city9x.com
capousd.org
internet-estatements.com
expedia.biz
91xiubbs.com
drumchina.com
light-catcher.com.cn
lvye.com
sdyjw.org.cn
sensen.tmall.com
shareditor.com
szrzt.com
veryvp.com
waleyworks.com
woaihuahua.com
yuemei.com
mama365.gr
trgool.com
greenbuildingadvisor.com
savingforcollege.com
onlinegdz.ru
hkcgart.com
newstube.ru
youmobidownload.com
desitelugu.com
queend.tmall.com
theanimalrescuesite.com
epson.fr
kmdevantagens.com.br
malayalivartha.com
shopperland.co.kr
romanialibera.ro
infovaticana.com
dentalcremer.com.br
jv.dk
taranis.news
privatejobshub.in
kodsextoy.com
recoilweb.com
337.com
hackmvp.com
homeloans.sbi
kannaway.com
pinoymovieshub.com
airchina.com.au
tvu.ac.ir
erwinmueller.com
lvbankonline.in
kyodairemittance.com
collive.com
treetorrent.com
kp.md
floridabar.org
tomygame.com
swedespeed.com
michelin.fr
multitrabajos.com
businessdayonline.com
post76.hk
epson.es
saseriesbox.ga
roboforex.com
echelledejacob.blogspot.fr
cafepsd.com
elpuntavui.cat
qingdao.gov.cn
zhuayoukong.com
nosweatshakespeare.com
crainsnewyork.com
51gpc.com
dance365.com
dddww2.com
easywechat.com
fulton.tmall.com
hznykfq.com.cn
ilishi.com
molbuk.ua
tmembassy.gov.tm
unog.ch
mkzhan.com
dnshigh.com
cili001.com
theteensexy.com
fondoest.it
easynepalityping.com
5299.tv
kyzmet.gov.kz
ssu.ac.ir
xxx-torrent.net
gfxanime.com
ks.edu.tw
abiechina.com
panorama-auto.it
citycheb.ru
masslottery.com
academicearth.org
seed.net.tw
baixarcdscompleto.net
vrum.com.br
fredperry.com
mhotspot.com
3dmax8.com
sheizhiwo.com
runnersworld.de
olay.com.tr
n200.com
seouldl.info
newenglishreview.org
kopykitab.com
thesundaily.my
catalunyadiari.com
css.gob.pa
letter-samples.com
viral-kittens.com
eil.co.in
asivaespana.com
megacampus.ru
thetrendspotter.net
pride.network
megashare.movie
artconsultant.yokohama
creco.net
happy-bears.com
jpop80ss.blogspot.jp
nissui.co.jp
oka-pu.ac.jp
mimorelia.com
jobwik.com
salzburg24.at
bacweb.tn
vintag.es
cronica.com.mx
starnik.net
myshoe.gr
postgogo.com
elsiglo.com.ve
spirossoulis.com
kompravda.eu
svenskfotboll.se
forbes.es
ifsul.edu.br
wdwinfo.com
lecho.be
konvy.com
gauteng.gov.za
insidethemagic.net
providencejournal.com
cebhe.info
spikeybits.com
newsone.gr
keshine.tmall.com
chrisd.ca
myfitness.pl
astrocenter.com
basic-english.org
dailybird.cn
edatahome.com
toread.tmall.com
weifeng.tmall.com
ksilbo.co.kr
cancha.com
mineplex.com
jialvxing.com.cn
epforums.org
turnto10.com
kwejk.live
mpei.ac.ru
nongit.com
egyacc.com
ufcespanol.com
270towin.com
thenational.scot
fundkite.com
besthealthmag.ca
afasinsite.nl
fjkpjd.com
unionbank.co.il
360guakao.net
go365.com
biovea.com
apk.cafe
purebreak.com.br
humana-military.com
cnps.cm
whatreallyhappened.com
alexfilm.cc
fairphone.com
soft4fun.net
colts.com
macua.blogs.com
stirilekanald.ro
tui.ua
tradiem.vn
citizensvoice.com
meta-chart.com
icbf.gov.co
sethlui.com
rd1.com.br
thehockeywriters.com
profitguruonline.com
sallenet.org
dailynews.co.zw
pro-tools-expert.com
asecna.org
gastrojournal.org
f3322.net
ellenshop.com
eco.pt
skidrowcpy.com
botasot.info
7deadlysins.tv
busradar.pl
danielfooddiary.com
yadkin.k12.nc.us
cutearn.ca
9ria.com
3637.com
steinsgate0-anime.com
juwai.com
pricetravel.com.mx
laopinion.es
rea.ru
bioskoponline19.com
cavsnation.com
clickgratis.com.br
esmas.com
trivago.com.tw
everydayonsales.com
thestar.co.uk
cheryco.ir
gp.gov.ua
constitution.org
coreprice.com
almountakhab.com
icfes.gov.co
miandaoaigou.com
percolately.com
arrowheadpride.com
parnuxi.com
critica.com.pa
cinefilos.it
biquge.cc
uchimcauchitca.blogspot.ru
morkniga.ru
famosasbrasil.net
billwang.net
maiziedu.com
ncu.edu.cn
sheav9595.org
szsta.org
ymt360.com
163mail.cc
17utt.com
256.cc
72zuqiu.com
aicai.com
aiwenjian.com
anqu.com
beetobees.com
bfghodh.com
bjdch.gov.cn
bzj518.net
cb.com.cn
escn.com.cn
haimaomvp.blog.163.com
hxjq.com
itvfans.com
kaiyanapp.com
landui.com
lanecrawford.com.cn
mdetail.tmall.com
myeslife.com
nacino.blog.163.com
oxbridgedu.org
qconbeijing.com
qdgjj.com
qipaizu.xyz
sigma-rt.com.cn
u24h.net
xincailiao.com
yoho.cn
yuanshimuyu.tmall.com
yuanxingku.com
zjut.cc
adsurl.co
ky3.com
sockshare.io
tshwane.gov.za
homecinema-fr.com
cabroworld.com
tastefullyoffensive.com
yorkshireeveningpost.co.uk
ddbnews.wordpress.com
adibet.com
novomundo.com.br
vstorrent.org
lib.toyonaka.osaka.jp
otet.jp
showjav.info
espncdn.com
nsn-net.net
moe.edu.kw
tajawal.sa
menshealth.de
km-produce.com
ebook.bike
you85.cn
berkat.ru
trivago.ch
webradio.de
sneakerfiles.com
glamurama.uol.com.br
tekniikanmaailma.fi
doh.gov.ph
unisabana.edu.co
gigaguenstig.de
animeunited.com.br
lanka-channels.info
topvalue.com
series108.com
everestjs.net
nonno21.com
winnipegsun.com
dkpittsburghsports.com
activistpost.com
motocard.com
sskamo.co.jp
thedp.com
technologijos.lt
motul.com
embedded.com
thepoliticalinsider.com
funtime.net.pk
ucsfhealth.org
blazersedge.com
vnit.ac.in
favecrafts.com
europasur.es
mlo.me
novsights.com
payconnexion.com
visitnorway.com
theboltonnews.co.uk
ksn.com
ktvb.com
nhi.no
urzadzamy.pl
panorapost.com
sulamericaseguros.com.br
pm.ru
sex-doma.cz
silverscreenandroll.com
mothering.com
renopedia.sg
escapefan.com
funbrain.com
pyknet.net
schoolbrains.com
finextra.com
27kyy.com
chinasie.com
czwlzx.com
expjoy.com
fjwyw.com
hzmj.org.cn
jinduba.com
kashangwl.com
shlandscape.com
taoex.com
tbox.me
vrv.com.cn
xbao588.com
zixuephp.com
teenpornclub.net
holostyak-6-sezon-tnt.ru
miumau.livejournal.com
volnation.com
spellcheck.net
sephora.my
miraclekill.tmall.com
telefonino.net
mymoneytimes.com
optokingdom.com
hanban.org
dha.gov.ae
e-gothiczone.com
askdavetaylor.com
steg-electronics.ch
easydrop.ru
pulsoslp.com.mx
scriptinstall.rocks
schleckysilberstein.com
neulion.net.cn
xeu.com.mx
profesor10demates.com
toyota.pl
absba.org
elbashayeronline.com
ecmweb.com
wect.com
bedbugger.com
tiempodesanjuan.com
trivago.pl
livefutbol.com
starblast.io
economica.net
aulapt.org
janamtv.com
infarmed.pt
cotopaxi.com
wpri.com
4gltemall.com
hokej.cz
m-kalashnikov.livejournal.com
english-exam.ru
kraftfuttermischwerk.de
ac-clermont.fr
jd-sports.com.au
mdirector.com
bjp.org
prawdaobiektywna.pl
granadahoy.com
timescolonist.com
m3forum.net
ty360.com
tabonito.tv
in.com
stepstone.fr
thissongissick.com
wave3.com
wlwt.com
heimwerker.de
primeraplus.com.mx
elperiodicodearagon.com
bbs.no
ezding.com.tw
localsyr.com
diariocordoba.com
o7planning.org
qq2010qq.cn
ojee.nic.in
bikkuri-donkey.com
lighthouserecords.jp
kharasach.com
glasgowlive.co.uk
yburlan.ru
originalam.net
kitmine.com
gares-sncf.com
fcportables.com
fiveminutelessons.com
wissports.net
clevescene.com
sibelius.com
mequedouno.com
animeresistance.com
soccerlegacy.net
pcper.com
prosportsdaily.com
johnnywander.com
mangaforever.net
fangol.pl
budejie.com
kwwl.com
devil-torrents.pl
upeu.edu.pe
crowdstrike.com
2001.com.ve
popcrush.com
guiadoscuriosos.uol.com.br
momspresso.com
xnxx-teens.com
solomoto.es
obr55.ru
wrestlingnews.co
sfile2012.com
boon.hu
windowssearch-exp.com
laverdad.com
ztracker.org
1erforum.de
ahsubway.com
bestcclm.com
bjxcsng.org
cti-cert.com
cztesting.com
dglanji.com
dxbei.com
fndw.cc
hawh.cn
hogacn.com
jyplzz.cn
maxonmotor.com.cn
mmvod47471.com
oral-b.tmall.com
pandatv.com
skwo.net
twwtn.com
waijiao.org.cn
yumstone.com
zokivr.com
asctimetables.com
startseite.to
mandmdirect.ie
quimitube.com
lilluna.com
wfsb.com
aflac.co.jp
drecom.jp
p0q.jp
showakinen-koen.jp
raisingchildren.net.au
grands-meres.com
bbvaopenmind.com
xxxcomics.org
tribunadoceara.uol.com.br
haiwaiyy.com
pscufs.com
topicanative.edu.vn
futebolinterior.com.br
99ys.com
tio.org.cn
ahui3c.com
computershopper.com
betcity-hzvy.space
churchpop.com
redbook.com.au
atg.se
abidjantv.net
thepiratebay.bet
teengirltits.com
lightreading.com
sendible.com
blastnessbooking.com
cesky-jazyk.cz
sar.gob.hn
cinemamarket.ir
bali-indonesia.com
sharecg.com
hellooha.com
esudan.gov.sd
boonthavorn.com
mma.uno
mytractorforum.com
porn720.tv
9mobile.com.ng
usb.ac.ir
supercall.com
hsu.edu.cn
scotrail.co.uk
organicauthority.com
dimmi.com.au
shellcardsonline.com
moscow-baku.ru
moviemela.live
investigationdiscovery.com
tjpb.jus.br
hvac-talk.com
tuat.ac.jp
senzuri.biz
compendium.com.ua
doulci-registration.com
lusakatimes.com
ringsidenews.com
ifrs.edu.br
akoam.tv
vk.se
shptron.com
beijing.com.cn
soccer-advise.com
reportgarden.com
paypalobjects.com
ioff.de
9carthai.com
imoutolove.me
esdvx.com
remarkable.com
lifegate.it
dubaidutyfree.com
foiredeparis.fr
productionfree.com
edupub.gov.lk
mobage.cn
suagm.edu
comsenz.com
elperiodico.com.gt
nep-logistics.net
elperiodicoextremadura.com
pudhari.news
oasa.gr
lesswrong.com
southernsavers.com
keisei.co.jp
cadenadial.com
xuka.tv
trak.in
91wii.com
bekiasalud.com
gscaas.net.cn
loibaihat.mobi
ghbi.ir
awbatch.in
esata.ir
crainsdetroit.com
pipeburn.com
mobilink.com.pk
rctech.net
triumphrat.net
vip.net
yidaba.com
charismanews.com
canon-ci.co.kr
gocad.co.kr
dpr.gov.ng
copykat.com
austin360.com
plymouthherald.co.uk
99shou.cn
bizteller.cn
cooltechsh.com
diaoyur.com
dy4410.com
free-de.com
grainger.cn
hr76.com
majiamen.com
mistong.com
sciex.com.cn
smeqd.gov.cn
songle.com
v8.cn
woordee.com
x-kicks.com
xycjinfu.com
xztopjd.com
yyssm.tmall.com
housingauthority.gov.hk
fmoh.gov.sd
movieloverz.org
asorin.ru
creativosonline.org
axantenna.com
dealdey.com
mt-bbs.com
dejugadas.com
nhl.cz
freedownloadbd.com
avention.com
territoryfoods.com
streamsign.me
ivc.cn
prosiebenmaxx.de
elsoldepuebla.com.mx
sindicat.net
vonmaur.com
sinadize-news.blogspot.com
valoreconomico.co.ao
replays.net
laopinioncoruna.es
oppwa.com
elipso.hr
bsodstop.ru
bolde.com
ugizfs.tmall.com
hepsiian.com
40momporntube.com
maennersache.de
trumptrainnews.com
ccwzz.cc
cinesystem.com.br
muryoutube-owaraitv.com
prweek.com
newshipin.info
iguxuan.com
ukcampsite.co.uk
kranosgr.blogspot.gr
cps.k12.in.us
trucktrend.com
vizionplus.tv
boro.gr
allfreecrochet.com
just.edu.cn
prixdubaril.com
hamrahpc.ir
gratuiciel.com
nomorepanic.co.uk
basicmusictheory.com
biznes-prost.ru
grandepremio.com.br
pcsbanking.net
duckingproxy.eu
biznews.com
keepinspiring.me
flugladen.de
slackmojis.com
metrosport.gr
clubwrx.net
yupiii.gr
skidrowgamez.net
rapeporn.name
hehestreams.com
mail.gov.az
nghichvl.com
nosh.media
ooe.la
paklap.pk
mathepower.com
toonget.net
vipsg.fr
ktnv.com
lesaffaires.com
artsjobs.org.uk
fsastore.com
paparazzigr.tv
ferramentaskennedy.com.br
desitvbox.sh
cpd.com.cn
stryd.com
bnb.com.bo
somosjujuy.com.ar
adcombo.com
japan-whores.com
salaamarilla2009.blogspot.com.ar
kino-fs.ucoz.net
unsa.edu.ar
tymp3s.fun
cranecpe.com
ntalker.com
popiano.org
gstsystem.in
holostyak-tnt-online.ru
slanet.by
dropzone.com
xn--72c9a0an3ak5a7o.com
jdsports.fr
firstanalquest.com
superbotanik.net
cliu.org
sieuhay.net
taxifarefinder.com
bit-loader.club
pymesyautonomos.com
motoblog.it
kuechengoetter.de
pressofatlanticcity.com
tecnologiaemfoco.net
mschosting.com
zarlit.com
rumedia.ws
gaming-torrent.net
industryweek.com
interestingliterature.com
quotemaster.org
safra.sg
hellofresh.ca
cnfla.com
bac35.com
trivago.com.ar
momondo.es
nits.ac.in
tvasports.ca
yhathq.com
cartolafcbrasil.com.br
ingbank.cz
startups.co.uk
sportstarlive.com
miataturbo.net
nhusd.k12.ca.us
pokemonlaserielatino.com
freeadstime.org
pinoytva.ch
wkyt.com
speexx.com
ijcaonline.org
tipsbladet.dk
latestmoviesdl.com
salamati.ir
gun.in.th
businessknowhow.com
feratel.com
surfaceforums.net
usenext.com
inter.it
diaridegirona.cat
fustany.com
e-chinacycle.com
rutracker.ru
footballmanagerblog.org
shoeshr.com
ihserc.com
juventibus.com
leeds-live.co.uk
grow-rich.net
keihibank.jp
kinen-marathon.jp
ypaithros.gr
thecountrycook.net
amon.tech
ksde.org
promo-conso.net
islandpacket.com
06681.com
21cake.com
4kong.com
8k88.com
adponehr.com
anglo-chinese.com
bowin8.com
cakeok.cn
ccgp-hebei.gov.cn
chinaisa.org.cn
chinesemale.com
codesec.net
delsey.tmall.com
dijiuke.com
fruitday.com
guoxindryer.com
hewentech.com
ibmpower.com.cn
ishowx.com
ithao123.cn
jlianco.cn
ktvc8.com
leyou.com.cn
maiwhat.com
maniac.vip
med361.com
mmyy11.com
namipan.org
newlifeled.com
nxgqbh.com
ptm.com.cn
qianqu.cc
qjwdz.com
shengyidi.com
subom.net
sudu.cn
szbbs.org
ujn.edu.cn
wzaobao.com
xs8.com.cn
xy280.com
ycxianyu.com
yn012.cn
youxi.com
youxiping.com
zcy.gov.cn
zengliu.tmall.com
zhengbang.com.cn
zjzfcg.gov.cn
trivago.co.za
bau.edu.jo
steroidology.com
perfectkicks.vip
kp.gov.pk
wowreality.info
indiabullshomeloans.com
ccmn.in
fututa.com
lozi.vn
mylivechat.com
rqeeqa.com
beautymnl.com
um.si
plenti.com
tems-system.com
stamfordadvocate.com
meteo-lyon.net
speedrunslive.com
sanovnik.bg
ghn.vn
anabolicminds.com
shefinds.com
clpccd.cc.ca.us
diariodelweb.it
viagginews.com
telset.id
screengeek.net
mynextaraneh.in
thedailybounce.net
applications.lk
aachener-zeitung.de
cittaceleste.it
diemotherfucker.com
vaadin.com
baike113.com
stillnessinthestorm.com
nehu.ac.in
copec.cl
iam.gov.sa
edgeprop.sg
mgoblue.com
mwsu.edu
soydemac.com
newtimes.ru
mahindraxuv500.com
semarnat.gob.mx
aigle-azur.com
kpkt.gov.my
nar.realtor
edu24ol.com
wallpaperenginefree.com
enssib.fr
sport.fr
nedir.org
magnolia-tv.com
ksipnistere.com
littlespicejar.com
bandaivisual.co.jp
fimotro.gr
bu.edu.sa
punto-informatico.it
punipunijapan.com
musingsofamuse.com
extinf.com
nopeporn.com
securityinfo.it
tempostretto.it
canon.com.hk
budgetair.co.uk
wfmu.org
netatama.net
rebates.jp
sutekinakijo.com
uonotana.or.jp
amateur-fc2.com
baiku-sokuho.info
casino-x1.com
citrus-net.jp
daiichisankyo-hc.co.jp
dm-town.com
feticomx.com
front-row.jp
gehasoku.com
hippy.jp
kurokawa707.com
museum.or.jp
pasonacareer.jp
rakugakidou.net
rastaneko-blog.com
rizap.jp
tousatu-club.com
ueb-a.com
vpass.jp
newtonpaiva.br
star2.com
numberfire.com
naomesmo.com.br
wheels.ca
artisan.com.tw
hhxxee.com
auto.de
madrid-open.com
24-horas.mx
bancoguayaquil.com
upnorthlive.com
robotstxt.org
dltec.com.br
jornaldaparaiba.com.br
vsemaykishop.ru
daytondailynews.com
malagahoy.es
thefinancialdiet.com
hamilton.edu
4gnews.pt
lantidiplomatico.it
sun0816.com
trivago.com.my
azerbaijan.az
videofm.in
kak-eto-sdelano.livejournal.com
liganews.net
aacps.org
halykpay.kz
polit.ru
ouargla30.com
sampleletters.org
supremecourt.gov.sg
1242.com
cgbse.nic.in
nontor.club
umoncton.ca
foxcarolina.com
greenwich.k12.ct.us
zqgame.com
belmarrahealth.com
oscn.net
atsmods.lt
azbukadiet.ru
nrz.de
isss.gob.sv
trinicarsforsale.com
robbreport.com
foodiecrush.com
carbase.my
dpr.go.id
iiitdmj.ac.in
i-phone.ir
pblv-plusbellelavie.fr
andenhud.com.tw
arcadepunks.com
oyejuanjo.com
livingrichwithcoupons.com
commentarymagazine.com
podnikajte.sk
eurovision-spain.com
entertainmentcrave.com
theawesomedaily.com
dfm.ru
crrcgc.cc
blizzardheroes.ru
rvnl.org
66n.com
letssingit.com
manofmany.com
uplantravel.com
extramotor.com
secoloditalia.it
mercato365.com
bhuntr.com
journalbuddies.com
cittadellaspezia.com
jeddah.gov.sa
ukf.sk
vipbox.live
compragamer.com
tpbmirror.us
hearthstudy.com
icerockmining.io
generalasp.com
belfastlive.co.uk
makaila.fr
jcex.com
trusteer.com
zonakimochi.red
boxingnews24.com
momax.net
entertainmentwallpaper.com
creativekorea.or.kr
ooredoo.com.mm
iimb.ac.in
atdmt.com
coldwatercreek.com
ku.de
airportia.com
cocona-kitchen.com
issh.ac.jp
liveon.ne.jp
mic21.com
shinbashi-esthe.jp
tsuruoka-th.ed.jp
toyota.com.tw
surebet.com
jurnali-online.ru
tastesbetterfromscratch.com
synergy.ru
portalcorreio.com.br
healthaffairs.org
sophieparis.com
e-puzzle.ru
